#! /usr/bin/vvp
:ivl_version "11.0 (stable)";
:ivl_delay_selection "TYPICAL";
:vpi_time_precision - 12;
:vpi_module "/usr/lib/x86_64-linux-gnu/ivl/system.vpi";
:vpi_module "/usr/lib/x86_64-linux-gnu/ivl/vhdl_sys.vpi";
:vpi_module "/usr/lib/x86_64-linux-gnu/ivl/vhdl_textio.vpi";
:vpi_module "/usr/lib/x86_64-linux-gnu/ivl/v2005_math.vpi";
:vpi_module "/usr/lib/x86_64-linux-gnu/ivl/va_math.vpi";
S_0x56195d5cbe50 .scope module, "adder_4bit_cla_tb" "adder_4bit_cla_tb" 2 150;
 .timescale -9 -12;
v0x56195d60a4f0_0 .var "A", 3 0;
v0x56195d60a5d0_0 .var "B", 3 0;
v0x56195d60a670_0 .net "Cin", 0 0, L_0x56195d610570;  1 drivers
v0x56195d60a710_0 .net "Cout", 0 0, L_0x56195d614cc0;  1 drivers
v0x56195d60a7b0_0 .var "S", 0 0;
v0x56195d60a850_0 .var "clk", 0 0;
v0x56195d60a8f0_0 .net "sum", 3 0, L_0x56195d6146a0;  1 drivers
S_0x56195d5cb5e0 .scope module, "dut" "adder" 2 161, 2 44 0, S_0x56195d5cbe50;
 .timescale -9 -12;
    .port_info 0 /INPUT 4 "A_in";
    .port_info 1 /INPUT 4 "B_in";
    .port_info 2 /INPUT 1 "Cin";
    .port_info 3 /OUTPUT 4 "sum";
    .port_info 4 /OUTPUT 1 "Cout";
    .port_info 5 /INPUT 1 "clk";
o0x7f6edd0bd458 .functor BUFZ 1, C4<z>; HiZ drive
o0x7f6edd0bd218 .functor BUFZ 1, C4<z>; HiZ drive
L_0x56195d610740 .functor AND 1, o0x7f6edd0bd458, o0x7f6edd0bd218, L_0x56195d610570, C4<1>;
L_0x56195d610840 .functor AND 1, o0x7f6edd0bd458, L_0x56195d610600, C4<1>, C4<1>;
o0x7f6edd0bdc38 .functor BUFZ 1, C4<z>; HiZ drive
L_0x56195d6108d0 .functor OR 1, L_0x56195d610740, L_0x56195d610840, o0x7f6edd0bdc38, C4<0>;
o0x7f6edd0bd728 .functor BUFZ 1, C4<z>; HiZ drive
L_0x56195d610940 .functor AND 1, o0x7f6edd0bd728, o0x7f6edd0bd458, o0x7f6edd0bd218, L_0x56195d610570;
L_0x56195d610a70 .functor AND 1, o0x7f6edd0bd728, o0x7f6edd0bd458, L_0x56195d610600, C4<1>;
L_0x56195d610ae0 .functor AND 1, o0x7f6edd0bd728, o0x7f6edd0bdc38, C4<1>, C4<1>;
o0x7f6edd0bdd58 .functor BUFZ 1, C4<z>; HiZ drive
L_0x56195d610c20 .functor OR 1, L_0x56195d610940, L_0x56195d610a70, L_0x56195d610ae0, o0x7f6edd0bdd58;
o0x7f6edd0bd848 .functor BUFZ 1, C4<z>; HiZ drive
L_0x56195d610ce0/0/0 .functor AND 1, o0x7f6edd0bd848, o0x7f6edd0bd728, o0x7f6edd0bd458, o0x7f6edd0bd218;
L_0x56195d610ce0/0/4 .functor AND 1, L_0x56195d610570, C4<1>, C4<1>, C4<1>;
L_0x56195d610ce0 .functor AND 1, L_0x56195d610ce0/0/0, L_0x56195d610ce0/0/4, C4<1>, C4<1>;
L_0x56195d611050 .functor AND 1, o0x7f6edd0bd848, o0x7f6edd0bd728, o0x7f6edd0bd458, L_0x56195d610600;
L_0x56195d6111d0 .functor AND 1, o0x7f6edd0bd848, o0x7f6edd0bd728, o0x7f6edd0bdc38, C4<1>;
L_0x56195d6112a0 .functor AND 1, o0x7f6edd0bd848, o0x7f6edd0bdd58, C4<1>, C4<1>;
o0x7f6edd0bde78 .functor BUFZ 1, C4<z>; HiZ drive
L_0x56195d611340/0/0 .functor OR 1, L_0x56195d610ce0, L_0x56195d611050, L_0x56195d6111d0, L_0x56195d6112a0;
L_0x56195d611340/0/4 .functor OR 1, o0x7f6edd0bde78, C4<0>, C4<0>, C4<0>;
L_0x56195d611340 .functor OR 1, L_0x56195d611340/0/0, L_0x56195d611340/0/4, C4<0>, C4<0>;
v0x56195d608c20_0 .net "A", 3 0, L_0x56195d60ce80;  1 drivers
v0x56195d608d00_0 .net "A_in", 3 0, v0x56195d60a4f0_0;  1 drivers
RS_0x7f6edd0be088 .resolv tri, L_0x56195d60f4a0, L_0x56195d60fc80, L_0x56195d610330;
v0x56195d608de0_0 .net8 "B", 3 0, RS_0x7f6edd0be088;  3 drivers
v0x56195d608ed0_0 .net "B_in", 3 0, v0x56195d60a5d0_0;  1 drivers
o0x7f6edd0bd338 .functor BUFZ 1, C4<z>; HiZ drive
v0x56195d608fb0_0 .net "C1", 0 0, o0x7f6edd0bd338;  0 drivers
v0x56195d6090f0_0 .net "C2", 0 0, L_0x56195d6108d0;  1 drivers
v0x56195d609190_0 .net "C3", 0 0, L_0x56195d610c20;  1 drivers
v0x56195d609230_0 .net "Cin", 0 0, L_0x56195d610570;  alias, 1 drivers
v0x56195d609320_0 .net "Cout", 0 0, L_0x56195d614cc0;  alias, 1 drivers
v0x56195d6093c0_0 .net "Cout_out", 0 0, L_0x56195d611340;  1 drivers
v0x56195d609460_0 .net "G0", 0 0, L_0x56195d610600;  1 drivers
v0x56195d609500_0 .net "G1", 0 0, o0x7f6edd0bdc38;  0 drivers
v0x56195d6095a0_0 .net "G2", 0 0, o0x7f6edd0bdd58;  0 drivers
v0x56195d609640_0 .net "G3", 0 0, o0x7f6edd0bde78;  0 drivers
v0x56195d609710_0 .net "P0", 0 0, o0x7f6edd0bd218;  0 drivers
v0x56195d6097b0_0 .net "P1", 0 0, o0x7f6edd0bd458;  0 drivers
v0x56195d6098a0_0 .net "P2", 0 0, o0x7f6edd0bd728;  0 drivers
v0x56195d609990_0 .net "P3", 0 0, o0x7f6edd0bd848;  0 drivers
v0x56195d609a80_0 .net "clk", 0 0, v0x56195d60a850_0;  1 drivers
v0x56195d609b20_0 .net "p1g0", 0 0, L_0x56195d610840;  1 drivers
v0x56195d609bc0_0 .net "p1p0c0", 0 0, L_0x56195d610740;  1 drivers
v0x56195d609c60_0 .net "p2g1", 0 0, L_0x56195d610ae0;  1 drivers
v0x56195d609d00_0 .net "p2p1g0", 0 0, L_0x56195d610a70;  1 drivers
v0x56195d609da0_0 .net "p2p1p0c0", 0 0, L_0x56195d610940;  1 drivers
v0x56195d609e40_0 .net "p3g2", 0 0, L_0x56195d6112a0;  1 drivers
v0x56195d609f00_0 .net "p3p2g1", 0 0, L_0x56195d6111d0;  1 drivers
v0x56195d609fc0_0 .net "p3p2p1g0", 0 0, L_0x56195d611050;  1 drivers
v0x56195d60a080_0 .net "p3p2p1p0c0", 0 0, L_0x56195d610ce0;  1 drivers
o0x7f6edd0bd368 .functor BUFZ 1, C4<z>; HiZ drive
v0x56195d60a140_0 .net "pc0", 0 0, o0x7f6edd0bd368;  0 drivers
v0x56195d60a230_0 .net "sum", 3 0, L_0x56195d6146a0;  alias, 1 drivers
v0x56195d60a310_0 .net "sum_out", 3 0, L_0x56195d610180;  1 drivers
L_0x56195d60b170 .part v0x56195d60a4f0_0, 0, 1;
L_0x56195d60bac0 .part v0x56195d60a4f0_0, 1, 1;
L_0x56195d60c3f0 .part v0x56195d60a4f0_0, 2, 1;
L_0x56195d60cdb0 .part v0x56195d60a4f0_0, 3, 1;
L_0x56195d60ce80 .concat8 [ 1 1 1 1], L_0x56195d60ae10, L_0x56195d60b760, L_0x56195d60c090, L_0x56195d60ca50;
L_0x56195d60d7a0 .part v0x56195d60a5d0_0, 0, 1;
L_0x56195d60e110 .part v0x56195d60a5d0_0, 1, 1;
L_0x56195d60ea40 .part v0x56195d60a5d0_0, 2, 1;
L_0x56195d60f400 .part v0x56195d60a5d0_0, 3, 1;
L_0x56195d60f4a0 .concat8 [ 1 1 1 1], L_0x56195d60d440, L_0x56195d60ddb0, L_0x56195d60e6e0, L_0x56195d60f0a0;
L_0x56195d60f6d0 .part L_0x56195d60ce80, 0, 1;
L_0x56195d60f7e0 .part L_0x56195d60ce80, 1, 1;
L_0x56195d60f990 .part L_0x56195d60ce80, 2, 1;
L_0x56195d60fb60 .part L_0x56195d60ce80, 3, 1;
L_0x56195d60fc80 .concat8 [ 1 1 1 1], L_0x56195d60f5a0, L_0x56195d60f770, L_0x56195d60f8f0, L_0x56195d60fac0;
L_0x56195d60fd20 .part L_0x56195d60ce80, 0, 1;
L_0x56195d60fec0 .part L_0x56195d60ce80, 1, 1;
L_0x56195d60ffd0 .part L_0x56195d60ce80, 2, 1;
L_0x56195d610290 .part L_0x56195d60ce80, 3, 1;
L_0x56195d610330 .concat8 [ 1 1 1 1], L_0x56195d60f880, L_0x56195d60fe50, L_0x56195d60ff60, L_0x56195d610220;
L_0x56195d610180 .concat8 [ 1 1 1 1], L_0x56195d611420, L_0x56195d6115a0, L_0x56195d611610, L_0x56195d611680;
L_0x56195d612040 .part L_0x56195d610180, 0, 1;
L_0x56195d612a30 .part L_0x56195d610180, 1, 1;
L_0x56195d613360 .part L_0x56195d610180, 2, 1;
L_0x56195d614600 .part L_0x56195d610180, 3, 1;
L_0x56195d6146a0 .concat8 [ 1 1 1 1], L_0x56195d611ce0, L_0x56195d6126d0, L_0x56195d613000, L_0x56195d6142a0;
S_0x56195d5cada0 .scope module, "ff1" "dff" 2 55, 2 33 0, S_0x56195d5cb5e0;
 .timescale -9 -12;
    .port_info 0 /INPUT 1 "clk";
    .port_info 1 /INPUT 1 "d";
    .port_info 2 /OUTPUT 1 "q";
v0x56195d5e8d10_0 .net "clk", 0 0, v0x56195d60a850_0;  alias, 1 drivers
v0x56195d5e8e00_0 .net "d", 0 0, L_0x56195d60b170;  1 drivers
v0x56195d5e8f10_0 .net "d_not", 0 0, L_0x56195d60a990;  1 drivers
v0x56195d5e9000_0 .net "q", 0 0, L_0x56195d60ae10;  1 drivers
v0x56195d5e90f0_0 .net "q_not", 0 0, L_0x56195d60b050;  1 drivers
v0x56195d5e9230_0 .net "r_bar", 0 0, L_0x56195d60ac60;  1 drivers
v0x56195d5e9320_0 .net "s_bar", 0 0, L_0x56195d60aab0;  1 drivers
S_0x56195d5ca670 .scope module, "g1" "my_nand" 2 38, 2 27 0, S_0x56195d5cada0;
 .timescale -9 -12;
    .port_info 0 /INPUT 1 "A";
    .port_info 1 /INPUT 1 "B";
    .port_info 2 /OUTPUT 1 "Y";
L_0x56195d60aa20 .functor AND 1, L_0x56195d60b170, v0x56195d60a850_0, C4<1>, C4<1>;
L_0x56195d60aab0 .functor NOT 1, L_0x56195d60aa20, C4<0>, C4<0>, C4<0>;
v0x56195d5c5060_0 .net "A", 0 0, L_0x56195d60b170;  alias, 1 drivers
v0x56195d5e7570_0 .net "B", 0 0, v0x56195d60a850_0;  alias, 1 drivers
v0x56195d5e7630_0 .net "Y", 0 0, L_0x56195d60aab0;  alias, 1 drivers
v0x56195d5e76d0_0 .net *"_ivl_0", 0 0, L_0x56195d60aa20;  1 drivers
S_0x56195d5e7830 .scope module, "g2" "my_nand" 2 39, 2 27 0, S_0x56195d5cada0;
 .timescale -9 -12;
    .port_info 0 /INPUT 1 "A";
    .port_info 1 /INPUT 1 "B";
    .port_info 2 /OUTPUT 1 "Y";
L_0x56195d60ab40 .functor AND 1, L_0x56195d60a990, v0x56195d60a850_0, C4<1>, C4<1>;
L_0x56195d60ac60 .functor NOT 1, L_0x56195d60ab40, C4<0>, C4<0>, C4<0>;
v0x56195d5e7a60_0 .net "A", 0 0, L_0x56195d60a990;  alias, 1 drivers
v0x56195d5e7b40_0 .net "B", 0 0, v0x56195d60a850_0;  alias, 1 drivers
v0x56195d5e7c00_0 .net "Y", 0 0, L_0x56195d60ac60;  alias, 1 drivers
v0x56195d5e7ca0_0 .net *"_ivl_0", 0 0, L_0x56195d60ab40;  1 drivers
S_0x56195d5e7dc0 .scope module, "g3" "my_nand" 2 40, 2 27 0, S_0x56195d5cada0;
 .timescale -9 -12;
    .port_info 0 /INPUT 1 "A";
    .port_info 1 /INPUT 1 "B";
    .port_info 2 /OUTPUT 1 "Y";
L_0x56195d60acf0 .functor AND 1, L_0x56195d60aab0, L_0x56195d60b050, C4<1>, C4<1>;
L_0x56195d60ae10 .functor NOT 1, L_0x56195d60acf0, C4<0>, C4<0>, C4<0>;
v0x56195d5e7ff0_0 .net "A", 0 0, L_0x56195d60aab0;  alias, 1 drivers
v0x56195d5e8090_0 .net "B", 0 0, L_0x56195d60b050;  alias, 1 drivers
v0x56195d5e8130_0 .net "Y", 0 0, L_0x56195d60ae10;  alias, 1 drivers
v0x56195d5e8200_0 .net *"_ivl_0", 0 0, L_0x56195d60acf0;  1 drivers
S_0x56195d5e8360 .scope module, "g4" "my_nand" 2 41, 2 27 0, S_0x56195d5cada0;
 .timescale -9 -12;
    .port_info 0 /INPUT 1 "A";
    .port_info 1 /INPUT 1 "B";
    .port_info 2 /OUTPUT 1 "Y";
L_0x56195d60aea0 .functor AND 1, L_0x56195d60ac60, L_0x56195d60ae10, C4<1>, C4<1>;
L_0x56195d60b050 .functor NOT 1, L_0x56195d60aea0, C4<0>, C4<0>, C4<0>;
v0x56195d5e8590_0 .net "A", 0 0, L_0x56195d60ac60;  alias, 1 drivers
v0x56195d5e8680_0 .net "B", 0 0, L_0x56195d60ae10;  alias, 1 drivers
v0x56195d5e8750_0 .net "Y", 0 0, L_0x56195d60b050;  alias, 1 drivers
v0x56195d5e8850_0 .net *"_ivl_0", 0 0, L_0x56195d60aea0;  1 drivers
S_0x56195d5e8930 .scope module, "not_gate" "my_not" 2 37, 2 9 0, S_0x56195d5cada0;
 .timescale -9 -12;
    .port_info 0 /INPUT 1 "A";
    .port_info 1 /OUTPUT 1 "Y";
L_0x56195d60a990 .functor NOT 1, L_0x56195d60b170, C4<0>, C4<0>, C4<0>;
v0x56195d5e8b60_0 .net "A", 0 0, L_0x56195d60b170;  alias, 1 drivers
v0x56195d5e8c20_0 .net "Y", 0 0, L_0x56195d60a990;  alias, 1 drivers
S_0x56195d5e9450 .scope module, "ff10" "dff" 2 103, 2 33 0, S_0x56195d5cb5e0;
 .timescale -9 -12;
    .port_info 0 /INPUT 1 "clk";
    .port_info 1 /INPUT 1 "d";
    .port_info 2 /OUTPUT 1 "q";
v0x56195d5eb090_0 .net "clk", 0 0, v0x56195d60a850_0;  alias, 1 drivers
v0x56195d5eb130_0 .net "d", 0 0, L_0x56195d612a30;  1 drivers
v0x56195d5eb240_0 .net "d_not", 0 0, L_0x56195d6121a0;  1 drivers
v0x56195d5eb330_0 .net "q", 0 0, L_0x56195d6126d0;  1 drivers
v0x56195d5eb420_0 .net "q_not", 0 0, L_0x56195d612910;  1 drivers
v0x56195d5eb560_0 .net "r_bar", 0 0, L_0x56195d612520;  1 drivers
v0x56195d5eb650_0 .net "s_bar", 0 0, L_0x56195d612370;  1 drivers
S_0x56195d5e9680 .scope module, "g1" "my_nand" 2 38, 2 27 0, S_0x56195d5e9450;
 .timescale -9 -12;
    .port_info 0 /INPUT 1 "A";
    .port_info 1 /INPUT 1 "B";
    .port_info 2 /OUTPUT 1 "Y";
L_0x56195d612250 .functor AND 1, L_0x56195d612a30, v0x56195d60a850_0, C4<1>, C4<1>;
L_0x56195d612370 .functor NOT 1, L_0x56195d612250, C4<0>, C4<0>, C4<0>;
v0x56195d5e98f0_0 .net "A", 0 0, L_0x56195d612a30;  alias, 1 drivers
v0x56195d5e99d0_0 .net "B", 0 0, v0x56195d60a850_0;  alias, 1 drivers
v0x56195d5e9a90_0 .net "Y", 0 0, L_0x56195d612370;  alias, 1 drivers
v0x56195d5e9b30_0 .net *"_ivl_0", 0 0, L_0x56195d612250;  1 drivers
S_0x56195d5e9c70 .scope module, "g2" "my_nand" 2 39, 2 27 0, S_0x56195d5e9450;
 .timescale -9 -12;
    .port_info 0 /INPUT 1 "A";
    .port_info 1 /INPUT 1 "B";
    .port_info 2 /OUTPUT 1 "Y";
L_0x56195d612400 .functor AND 1, L_0x56195d6121a0, v0x56195d60a850_0, C4<1>, C4<1>;
L_0x56195d612520 .functor NOT 1, L_0x56195d612400, C4<0>, C4<0>, C4<0>;
v0x56195d5e9ea0_0 .net "A", 0 0, L_0x56195d6121a0;  alias, 1 drivers
v0x56195d5e9f80_0 .net "B", 0 0, v0x56195d60a850_0;  alias, 1 drivers
v0x56195d5ea040_0 .net "Y", 0 0, L_0x56195d612520;  alias, 1 drivers
v0x56195d5ea0e0_0 .net *"_ivl_0", 0 0, L_0x56195d612400;  1 drivers
S_0x56195d5ea220 .scope module, "g3" "my_nand" 2 40, 2 27 0, S_0x56195d5e9450;
 .timescale -9 -12;
    .port_info 0 /INPUT 1 "A";
    .port_info 1 /INPUT 1 "B";
    .port_info 2 /OUTPUT 1 "Y";
L_0x56195d6125b0 .functor AND 1, L_0x56195d612370, L_0x56195d612910, C4<1>, C4<1>;
L_0x56195d6126d0 .functor NOT 1, L_0x56195d6125b0, C4<0>, C4<0>, C4<0>;
v0x56195d5ea400_0 .net "A", 0 0, L_0x56195d612370;  alias, 1 drivers
v0x56195d5ea4a0_0 .net "B", 0 0, L_0x56195d612910;  alias, 1 drivers
v0x56195d5ea540_0 .net "Y", 0 0, L_0x56195d6126d0;  alias, 1 drivers
v0x56195d5ea5e0_0 .net *"_ivl_0", 0 0, L_0x56195d6125b0;  1 drivers
S_0x56195d5ea740 .scope module, "g4" "my_nand" 2 41, 2 27 0, S_0x56195d5e9450;
 .timescale -9 -12;
    .port_info 0 /INPUT 1 "A";
    .port_info 1 /INPUT 1 "B";
    .port_info 2 /OUTPUT 1 "Y";
L_0x56195d612760 .functor AND 1, L_0x56195d612520, L_0x56195d6126d0, C4<1>, C4<1>;
L_0x56195d612910 .functor NOT 1, L_0x56195d612760, C4<0>, C4<0>, C4<0>;
v0x56195d5ea970_0 .net "A", 0 0, L_0x56195d612520;  alias, 1 drivers
v0x56195d5eaa30_0 .net "B", 0 0, L_0x56195d6126d0;  alias, 1 drivers
v0x56195d5eaad0_0 .net "Y", 0 0, L_0x56195d612910;  alias, 1 drivers
v0x56195d5eabd0_0 .net *"_ivl_0", 0 0, L_0x56195d612760;  1 drivers
S_0x56195d5eacb0 .scope module, "not_gate" "my_not" 2 37, 2 9 0, S_0x56195d5e9450;
 .timescale -9 -12;
    .port_info 0 /INPUT 1 "A";
    .port_info 1 /OUTPUT 1 "Y";
L_0x56195d6121a0 .functor NOT 1, L_0x56195d612a30, C4<0>, C4<0>, C4<0>;
v0x56195d5eaee0_0 .net "A", 0 0, L_0x56195d612a30;  alias, 1 drivers
v0x56195d5eafa0_0 .net "Y", 0 0, L_0x56195d6121a0;  alias, 1 drivers
S_0x56195d5eb780 .scope module, "ff11" "dff" 2 104, 2 33 0, S_0x56195d5cb5e0;
 .timescale -9 -12;
    .port_info 0 /INPUT 1 "clk";
    .port_info 1 /INPUT 1 "d";
    .port_info 2 /OUTPUT 1 "q";
v0x56195d5ed450_0 .net "clk", 0 0, v0x56195d60a850_0;  alias, 1 drivers
v0x56195d5ed4f0_0 .net "d", 0 0, L_0x56195d613360;  1 drivers
v0x56195d5ed600_0 .net "d_not", 0 0, L_0x56195d612ad0;  1 drivers
v0x56195d5ed6f0_0 .net "q", 0 0, L_0x56195d613000;  1 drivers
v0x56195d5ed7e0_0 .net "q_not", 0 0, L_0x56195d613240;  1 drivers
v0x56195d5ed920_0 .net "r_bar", 0 0, L_0x56195d612e50;  1 drivers
v0x56195d5eda10_0 .net "s_bar", 0 0, L_0x56195d612ca0;  1 drivers
S_0x56195d5eb9b0 .scope module, "g1" "my_nand" 2 38, 2 27 0, S_0x56195d5eb780;
 .timescale -9 -12;
    .port_info 0 /INPUT 1 "A";
    .port_info 1 /INPUT 1 "B";
    .port_info 2 /OUTPUT 1 "Y";
L_0x56195d612b80 .functor AND 1, L_0x56195d613360, v0x56195d60a850_0, C4<1>, C4<1>;
L_0x56195d612ca0 .functor NOT 1, L_0x56195d612b80, C4<0>, C4<0>, C4<0>;
v0x56195d5ebc00_0 .net "A", 0 0, L_0x56195d613360;  alias, 1 drivers
v0x56195d5ebce0_0 .net "B", 0 0, v0x56195d60a850_0;  alias, 1 drivers
v0x56195d5ebda0_0 .net "Y", 0 0, L_0x56195d612ca0;  alias, 1 drivers
v0x56195d5ebe40_0 .net *"_ivl_0", 0 0, L_0x56195d612b80;  1 drivers
S_0x56195d5ebf80 .scope module, "g2" "my_nand" 2 39, 2 27 0, S_0x56195d5eb780;
 .timescale -9 -12;
    .port_info 0 /INPUT 1 "A";
    .port_info 1 /INPUT 1 "B";
    .port_info 2 /OUTPUT 1 "Y";
L_0x56195d612d30 .functor AND 1, L_0x56195d612ad0, v0x56195d60a850_0, C4<1>, C4<1>;
L_0x56195d612e50 .functor NOT 1, L_0x56195d612d30, C4<0>, C4<0>, C4<0>;
v0x56195d5ec1b0_0 .net "A", 0 0, L_0x56195d612ad0;  alias, 1 drivers
v0x56195d5ec290_0 .net "B", 0 0, v0x56195d60a850_0;  alias, 1 drivers
v0x56195d5ec350_0 .net "Y", 0 0, L_0x56195d612e50;  alias, 1 drivers
v0x56195d5ec3f0_0 .net *"_ivl_0", 0 0, L_0x56195d612d30;  1 drivers
S_0x56195d5ec530 .scope module, "g3" "my_nand" 2 40, 2 27 0, S_0x56195d5eb780;
 .timescale -9 -12;
    .port_info 0 /INPUT 1 "A";
    .port_info 1 /INPUT 1 "B";
    .port_info 2 /OUTPUT 1 "Y";
L_0x56195d612ee0 .functor AND 1, L_0x56195d612ca0, L_0x56195d613240, C4<1>, C4<1>;
L_0x56195d613000 .functor NOT 1, L_0x56195d612ee0, C4<0>, C4<0>, C4<0>;
v0x56195d5ec760_0 .net "A", 0 0, L_0x56195d612ca0;  alias, 1 drivers
v0x56195d5ec800_0 .net "B", 0 0, L_0x56195d613240;  alias, 1 drivers
v0x56195d5ec8a0_0 .net "Y", 0 0, L_0x56195d613000;  alias, 1 drivers
v0x56195d5ec940_0 .net *"_ivl_0", 0 0, L_0x56195d612ee0;  1 drivers
S_0x56195d5ecaa0 .scope module, "g4" "my_nand" 2 41, 2 27 0, S_0x56195d5eb780;
 .timescale -9 -12;
    .port_info 0 /INPUT 1 "A";
    .port_info 1 /INPUT 1 "B";
    .port_info 2 /OUTPUT 1 "Y";
L_0x56195d613090 .functor AND 1, L_0x56195d612e50, L_0x56195d613000, C4<1>, C4<1>;
L_0x56195d613240 .functor NOT 1, L_0x56195d613090, C4<0>, C4<0>, C4<0>;
v0x56195d5eccd0_0 .net "A", 0 0, L_0x56195d612e50;  alias, 1 drivers
v0x56195d5ecdc0_0 .net "B", 0 0, L_0x56195d613000;  alias, 1 drivers
v0x56195d5ece90_0 .net "Y", 0 0, L_0x56195d613240;  alias, 1 drivers
v0x56195d5ecf90_0 .net *"_ivl_0", 0 0, L_0x56195d613090;  1 drivers
S_0x56195d5ed070 .scope module, "not_gate" "my_not" 2 37, 2 9 0, S_0x56195d5eb780;
 .timescale -9 -12;
    .port_info 0 /INPUT 1 "A";
    .port_info 1 /OUTPUT 1 "Y";
L_0x56195d612ad0 .functor NOT 1, L_0x56195d613360, C4<0>, C4<0>, C4<0>;
v0x56195d5ed2a0_0 .net "A", 0 0, L_0x56195d613360;  alias, 1 drivers
v0x56195d5ed360_0 .net "Y", 0 0, L_0x56195d612ad0;  alias, 1 drivers
S_0x56195d5edb40 .scope module, "ff12" "dff" 2 105, 2 33 0, S_0x56195d5cb5e0;
 .timescale -9 -12;
    .port_info 0 /INPUT 1 "clk";
    .port_info 1 /INPUT 1 "d";
    .port_info 2 /OUTPUT 1 "q";
v0x56195d5ef800_0 .net "clk", 0 0, v0x56195d60a850_0;  alias, 1 drivers
v0x56195d5ef8a0_0 .net "d", 0 0, L_0x56195d614600;  1 drivers
v0x56195d5ef9b0_0 .net "d_not", 0 0, L_0x56195d613560;  1 drivers
v0x56195d5efaa0_0 .net "q", 0 0, L_0x56195d6142a0;  1 drivers
v0x56195d5efb90_0 .net "q_not", 0 0, L_0x56195d6144e0;  1 drivers
v0x56195d5efcd0_0 .net "r_bar", 0 0, L_0x56195d6140f0;  1 drivers
v0x56195d5efdc0_0 .net "s_bar", 0 0, L_0x56195d613730;  1 drivers
S_0x56195d5edd70 .scope module, "g1" "my_nand" 2 38, 2 27 0, S_0x56195d5edb40;
 .timescale -9 -12;
    .port_info 0 /INPUT 1 "A";
    .port_info 1 /INPUT 1 "B";
    .port_info 2 /OUTPUT 1 "Y";
L_0x56195d613610 .functor AND 1, L_0x56195d614600, v0x56195d60a850_0, C4<1>, C4<1>;
L_0x56195d613730 .functor NOT 1, L_0x56195d613610, C4<0>, C4<0>, C4<0>;
v0x56195d5edfe0_0 .net "A", 0 0, L_0x56195d614600;  alias, 1 drivers
v0x56195d5ee0c0_0 .net "B", 0 0, v0x56195d60a850_0;  alias, 1 drivers
v0x56195d5ee180_0 .net "Y", 0 0, L_0x56195d613730;  alias, 1 drivers
v0x56195d5ee220_0 .net *"_ivl_0", 0 0, L_0x56195d613610;  1 drivers
S_0x56195d5ee360 .scope module, "g2" "my_nand" 2 39, 2 27 0, S_0x56195d5edb40;
 .timescale -9 -12;
    .port_info 0 /INPUT 1 "A";
    .port_info 1 /INPUT 1 "B";
    .port_info 2 /OUTPUT 1 "Y";
L_0x56195d6137c0 .functor AND 1, L_0x56195d613560, v0x56195d60a850_0, C4<1>, C4<1>;
L_0x56195d6140f0 .functor NOT 1, L_0x56195d6137c0, C4<0>, C4<0>, C4<0>;
v0x56195d5ee590_0 .net "A", 0 0, L_0x56195d613560;  alias, 1 drivers
v0x56195d5ee670_0 .net "B", 0 0, v0x56195d60a850_0;  alias, 1 drivers
v0x56195d5ee730_0 .net "Y", 0 0, L_0x56195d6140f0;  alias, 1 drivers
v0x56195d5ee7d0_0 .net *"_ivl_0", 0 0, L_0x56195d6137c0;  1 drivers
S_0x56195d5ee910 .scope module, "g3" "my_nand" 2 40, 2 27 0, S_0x56195d5edb40;
 .timescale -9 -12;
    .port_info 0 /INPUT 1 "A";
    .port_info 1 /INPUT 1 "B";
    .port_info 2 /OUTPUT 1 "Y";
L_0x56195d614180 .functor AND 1, L_0x56195d613730, L_0x56195d6144e0, C4<1>, C4<1>;
L_0x56195d6142a0 .functor NOT 1, L_0x56195d614180, C4<0>, C4<0>, C4<0>;
v0x56195d5eeb40_0 .net "A", 0 0, L_0x56195d613730;  alias, 1 drivers
v0x56195d5eebe0_0 .net "B", 0 0, L_0x56195d6144e0;  alias, 1 drivers
v0x56195d5eec80_0 .net "Y", 0 0, L_0x56195d6142a0;  alias, 1 drivers
v0x56195d5eed20_0 .net *"_ivl_0", 0 0, L_0x56195d614180;  1 drivers
S_0x56195d5eee80 .scope module, "g4" "my_nand" 2 41, 2 27 0, S_0x56195d5edb40;
 .timescale -9 -12;
    .port_info 0 /INPUT 1 "A";
    .port_info 1 /INPUT 1 "B";
    .port_info 2 /OUTPUT 1 "Y";
L_0x56195d614330 .functor AND 1, L_0x56195d6140f0, L_0x56195d6142a0, C4<1>, C4<1>;
L_0x56195d6144e0 .functor NOT 1, L_0x56195d614330, C4<0>, C4<0>, C4<0>;
v0x56195d5ef0b0_0 .net "A", 0 0, L_0x56195d6140f0;  alias, 1 drivers
v0x56195d5ef170_0 .net "B", 0 0, L_0x56195d6142a0;  alias, 1 drivers
v0x56195d5ef240_0 .net "Y", 0 0, L_0x56195d6144e0;  alias, 1 drivers
v0x56195d5ef340_0 .net *"_ivl_0", 0 0, L_0x56195d614330;  1 drivers
S_0x56195d5ef420 .scope module, "not_gate" "my_not" 2 37, 2 9 0, S_0x56195d5edb40;
 .timescale -9 -12;
    .port_info 0 /INPUT 1 "A";
    .port_info 1 /OUTPUT 1 "Y";
L_0x56195d613560 .functor NOT 1, L_0x56195d614600, C4<0>, C4<0>, C4<0>;
v0x56195d5ef650_0 .net "A", 0 0, L_0x56195d614600;  alias, 1 drivers
v0x56195d5ef710_0 .net "Y", 0 0, L_0x56195d613560;  alias, 1 drivers
S_0x56195d5efef0 .scope module, "ff13" "dff" 2 106, 2 33 0, S_0x56195d5cb5e0;
 .timescale -9 -12;
    .port_info 0 /INPUT 1 "clk";
    .port_info 1 /INPUT 1 "d";
    .port_info 2 /OUTPUT 1 "q";
v0x56195d5f1bd0_0 .net "clk", 0 0, v0x56195d60a850_0;  alias, 1 drivers
v0x56195d5f1c70_0 .net "d", 0 0, L_0x56195d611340;  alias, 1 drivers
v0x56195d5f1d80_0 .net "d_not", 0 0, L_0x56195d614820;  1 drivers
v0x56195d5f1e70_0 .net "q", 0 0, L_0x56195d614cc0;  alias, 1 drivers
v0x56195d5f1f60_0 .net "q_not", 0 0, L_0x56195d614e70;  1 drivers
v0x56195d5f20a0_0 .net "r_bar", 0 0, L_0x56195d614b10;  1 drivers
v0x56195d5f2190_0 .net "s_bar", 0 0, L_0x56195d614960;  1 drivers
S_0x56195d5f0170 .scope module, "g1" "my_nand" 2 38, 2 27 0, S_0x56195d5efef0;
 .timescale -9 -12;
    .port_info 0 /INPUT 1 "A";
    .port_info 1 /INPUT 1 "B";
    .port_info 2 /OUTPUT 1 "Y";
L_0x56195d6148d0 .functor AND 1, L_0x56195d611340, v0x56195d60a850_0, C4<1>, C4<1>;
L_0x56195d614960 .functor NOT 1, L_0x56195d6148d0, C4<0>, C4<0>, C4<0>;
v0x56195d5f03e0_0 .net "A", 0 0, L_0x56195d611340;  alias, 1 drivers
v0x56195d5f04c0_0 .net "B", 0 0, v0x56195d60a850_0;  alias, 1 drivers
v0x56195d5f0580_0 .net "Y", 0 0, L_0x56195d614960;  alias, 1 drivers
v0x56195d5f0620_0 .net *"_ivl_0", 0 0, L_0x56195d6148d0;  1 drivers
S_0x56195d5f0760 .scope module, "g2" "my_nand" 2 39, 2 27 0, S_0x56195d5efef0;
 .timescale -9 -12;
    .port_info 0 /INPUT 1 "A";
    .port_info 1 /INPUT 1 "B";
    .port_info 2 /OUTPUT 1 "Y";
L_0x56195d6149f0 .functor AND 1, L_0x56195d614820, v0x56195d60a850_0, C4<1>, C4<1>;
L_0x56195d614b10 .functor NOT 1, L_0x56195d6149f0, C4<0>, C4<0>, C4<0>;
v0x56195d5f0990_0 .net "A", 0 0, L_0x56195d614820;  alias, 1 drivers
v0x56195d5f0a70_0 .net "B", 0 0, v0x56195d60a850_0;  alias, 1 drivers
v0x56195d5f0b30_0 .net "Y", 0 0, L_0x56195d614b10;  alias, 1 drivers
v0x56195d5f0bd0_0 .net *"_ivl_0", 0 0, L_0x56195d6149f0;  1 drivers
S_0x56195d5f0d10 .scope module, "g3" "my_nand" 2 40, 2 27 0, S_0x56195d5efef0;
 .timescale -9 -12;
    .port_info 0 /INPUT 1 "A";
    .port_info 1 /INPUT 1 "B";
    .port_info 2 /OUTPUT 1 "Y";
L_0x56195d614ba0 .functor AND 1, L_0x56195d614960, L_0x56195d614e70, C4<1>, C4<1>;
L_0x56195d614cc0 .functor NOT 1, L_0x56195d614ba0, C4<0>, C4<0>, C4<0>;
v0x56195d5f0f40_0 .net "A", 0 0, L_0x56195d614960;  alias, 1 drivers
v0x56195d5f0fe0_0 .net "B", 0 0, L_0x56195d614e70;  alias, 1 drivers
v0x56195d5f1080_0 .net "Y", 0 0, L_0x56195d614cc0;  alias, 1 drivers
v0x56195d5f1120_0 .net *"_ivl_0", 0 0, L_0x56195d614ba0;  1 drivers
S_0x56195d5f1280 .scope module, "g4" "my_nand" 2 41, 2 27 0, S_0x56195d5efef0;
 .timescale -9 -12;
    .port_info 0 /INPUT 1 "A";
    .port_info 1 /INPUT 1 "B";
    .port_info 2 /OUTPUT 1 "Y";
L_0x56195d614d50 .functor AND 1, L_0x56195d614b10, L_0x56195d614cc0, C4<1>, C4<1>;
L_0x56195d614e70 .functor NOT 1, L_0x56195d614d50, C4<0>, C4<0>, C4<0>;
v0x56195d5f14b0_0 .net "A", 0 0, L_0x56195d614b10;  alias, 1 drivers
v0x56195d5f1570_0 .net "B", 0 0, L_0x56195d614cc0;  alias, 1 drivers
v0x56195d5f1610_0 .net "Y", 0 0, L_0x56195d614e70;  alias, 1 drivers
v0x56195d5f1710_0 .net *"_ivl_0", 0 0, L_0x56195d614d50;  1 drivers
S_0x56195d5f17f0 .scope module, "not_gate" "my_not" 2 37, 2 9 0, S_0x56195d5efef0;
 .timescale -9 -12;
    .port_info 0 /INPUT 1 "A";
    .port_info 1 /OUTPUT 1 "Y";
L_0x56195d614820 .functor NOT 1, L_0x56195d611340, C4<0>, C4<0>, C4<0>;
v0x56195d5f1a20_0 .net "A", 0 0, L_0x56195d611340;  alias, 1 drivers
v0x56195d5f1ae0_0 .net "Y", 0 0, L_0x56195d614820;  alias, 1 drivers
S_0x56195d5f22c0 .scope module, "ff2" "dff" 2 56, 2 33 0, S_0x56195d5cb5e0;
 .timescale -9 -12;
    .port_info 0 /INPUT 1 "clk";
    .port_info 1 /INPUT 1 "d";
    .port_info 2 /OUTPUT 1 "q";
v0x56195d5f3fc0_0 .net "clk", 0 0, v0x56195d60a850_0;  alias, 1 drivers
v0x56195d5f4060_0 .net "d", 0 0, L_0x56195d60bac0;  1 drivers
v0x56195d5f4170_0 .net "d_not", 0 0, L_0x56195d60b230;  1 drivers
v0x56195d5f4260_0 .net "q", 0 0, L_0x56195d60b760;  1 drivers
v0x56195d5f4350_0 .net "q_not", 0 0, L_0x56195d60b9a0;  1 drivers
v0x56195d5f4490_0 .net "r_bar", 0 0, L_0x56195d60b5b0;  1 drivers
v0x56195d5f4580_0 .net "s_bar", 0 0, L_0x56195d60b400;  1 drivers
S_0x56195d5f24f0 .scope module, "g1" "my_nand" 2 38, 2 27 0, S_0x56195d5f22c0;
 .timescale -9 -12;
    .port_info 0 /INPUT 1 "A";
    .port_info 1 /INPUT 1 "B";
    .port_info 2 /OUTPUT 1 "Y";
L_0x56195d60b2e0 .functor AND 1, L_0x56195d60bac0, v0x56195d60a850_0, C4<1>, C4<1>;
L_0x56195d60b400 .functor NOT 1, L_0x56195d60b2e0, C4<0>, C4<0>, C4<0>;
v0x56195d5f2760_0 .net "A", 0 0, L_0x56195d60bac0;  alias, 1 drivers
v0x56195d5f2840_0 .net "B", 0 0, v0x56195d60a850_0;  alias, 1 drivers
v0x56195d5f2900_0 .net "Y", 0 0, L_0x56195d60b400;  alias, 1 drivers
v0x56195d5f29a0_0 .net *"_ivl_0", 0 0, L_0x56195d60b2e0;  1 drivers
S_0x56195d5f2ae0 .scope module, "g2" "my_nand" 2 39, 2 27 0, S_0x56195d5f22c0;
 .timescale -9 -12;
    .port_info 0 /INPUT 1 "A";
    .port_info 1 /INPUT 1 "B";
    .port_info 2 /OUTPUT 1 "Y";
L_0x56195d60b490 .functor AND 1, L_0x56195d60b230, v0x56195d60a850_0, C4<1>, C4<1>;
L_0x56195d60b5b0 .functor NOT 1, L_0x56195d60b490, C4<0>, C4<0>, C4<0>;
v0x56195d5f2d10_0 .net "A", 0 0, L_0x56195d60b230;  alias, 1 drivers
v0x56195d5f2df0_0 .net "B", 0 0, v0x56195d60a850_0;  alias, 1 drivers
v0x56195d5f2eb0_0 .net "Y", 0 0, L_0x56195d60b5b0;  alias, 1 drivers
v0x56195d5f2f50_0 .net *"_ivl_0", 0 0, L_0x56195d60b490;  1 drivers
S_0x56195d5f3090 .scope module, "g3" "my_nand" 2 40, 2 27 0, S_0x56195d5f22c0;
 .timescale -9 -12;
    .port_info 0 /INPUT 1 "A";
    .port_info 1 /INPUT 1 "B";
    .port_info 2 /OUTPUT 1 "Y";
L_0x56195d60b640 .functor AND 1, L_0x56195d60b400, L_0x56195d60b9a0, C4<1>, C4<1>;
L_0x56195d60b760 .functor NOT 1, L_0x56195d60b640, C4<0>, C4<0>, C4<0>;
v0x56195d5f32c0_0 .net "A", 0 0, L_0x56195d60b400;  alias, 1 drivers
v0x56195d5f3360_0 .net "B", 0 0, L_0x56195d60b9a0;  alias, 1 drivers
v0x56195d5f3400_0 .net "Y", 0 0, L_0x56195d60b760;  alias, 1 drivers
v0x56195d5f34a0_0 .net *"_ivl_0", 0 0, L_0x56195d60b640;  1 drivers
S_0x56195d5f3600 .scope module, "g4" "my_nand" 2 41, 2 27 0, S_0x56195d5f22c0;
 .timescale -9 -12;
    .port_info 0 /INPUT 1 "A";
    .port_info 1 /INPUT 1 "B";
    .port_info 2 /OUTPUT 1 "Y";
L_0x56195d60b7f0 .functor AND 1, L_0x56195d60b5b0, L_0x56195d60b760, C4<1>, C4<1>;
L_0x56195d60b9a0 .functor NOT 1, L_0x56195d60b7f0, C4<0>, C4<0>, C4<0>;
v0x56195d5f3830_0 .net "A", 0 0, L_0x56195d60b5b0;  alias, 1 drivers
v0x56195d5f38f0_0 .net "B", 0 0, L_0x56195d60b760;  alias, 1 drivers
v0x56195d5f39c0_0 .net "Y", 0 0, L_0x56195d60b9a0;  alias, 1 drivers
v0x56195d5f3ac0_0 .net *"_ivl_0", 0 0, L_0x56195d60b7f0;  1 drivers
S_0x56195d5f3ba0 .scope module, "not_gate" "my_not" 2 37, 2 9 0, S_0x56195d5f22c0;
 .timescale -9 -12;
    .port_info 0 /INPUT 1 "A";
    .port_info 1 /OUTPUT 1 "Y";
L_0x56195d60b230 .functor NOT 1, L_0x56195d60bac0, C4<0>, C4<0>, C4<0>;
v0x56195d5f3e10_0 .net "A", 0 0, L_0x56195d60bac0;  alias, 1 drivers
v0x56195d5f3ed0_0 .net "Y", 0 0, L_0x56195d60b230;  alias, 1 drivers
S_0x56195d5f46b0 .scope module, "ff3" "dff" 2 57, 2 33 0, S_0x56195d5cb5e0;
 .timescale -9 -12;
    .port_info 0 /INPUT 1 "clk";
    .port_info 1 /INPUT 1 "d";
    .port_info 2 /OUTPUT 1 "q";
v0x56195d5f63b0_0 .net "clk", 0 0, v0x56195d60a850_0;  alias, 1 drivers
v0x56195d5f6450_0 .net "d", 0 0, L_0x56195d60c3f0;  1 drivers
v0x56195d5f6560_0 .net "d_not", 0 0, L_0x56195d60bb60;  1 drivers
v0x56195d5f6650_0 .net "q", 0 0, L_0x56195d60c090;  1 drivers
v0x56195d5f6740_0 .net "q_not", 0 0, L_0x56195d60c2d0;  1 drivers
v0x56195d5f6880_0 .net "r_bar", 0 0, L_0x56195d60bee0;  1 drivers
v0x56195d5f6970_0 .net "s_bar", 0 0, L_0x56195d60bd30;  1 drivers
S_0x56195d5f48e0 .scope module, "g1" "my_nand" 2 38, 2 27 0, S_0x56195d5f46b0;
 .timescale -9 -12;
    .port_info 0 /INPUT 1 "A";
    .port_info 1 /INPUT 1 "B";
    .port_info 2 /OUTPUT 1 "Y";
L_0x56195d60bc10 .functor AND 1, L_0x56195d60c3f0, v0x56195d60a850_0, C4<1>, C4<1>;
L_0x56195d60bd30 .functor NOT 1, L_0x56195d60bc10, C4<0>, C4<0>, C4<0>;
v0x56195d5f4b50_0 .net "A", 0 0, L_0x56195d60c3f0;  alias, 1 drivers
v0x56195d5f4c30_0 .net "B", 0 0, v0x56195d60a850_0;  alias, 1 drivers
v0x56195d5f4cf0_0 .net "Y", 0 0, L_0x56195d60bd30;  alias, 1 drivers
v0x56195d5f4d90_0 .net *"_ivl_0", 0 0, L_0x56195d60bc10;  1 drivers
S_0x56195d5f4ed0 .scope module, "g2" "my_nand" 2 39, 2 27 0, S_0x56195d5f46b0;
 .timescale -9 -12;
    .port_info 0 /INPUT 1 "A";
    .port_info 1 /INPUT 1 "B";
    .port_info 2 /OUTPUT 1 "Y";
L_0x56195d60bdc0 .functor AND 1, L_0x56195d60bb60, v0x56195d60a850_0, C4<1>, C4<1>;
L_0x56195d60bee0 .functor NOT 1, L_0x56195d60bdc0, C4<0>, C4<0>, C4<0>;
v0x56195d5f5100_0 .net "A", 0 0, L_0x56195d60bb60;  alias, 1 drivers
v0x56195d5f51e0_0 .net "B", 0 0, v0x56195d60a850_0;  alias, 1 drivers
v0x56195d5f52a0_0 .net "Y", 0 0, L_0x56195d60bee0;  alias, 1 drivers
v0x56195d5f5340_0 .net *"_ivl_0", 0 0, L_0x56195d60bdc0;  1 drivers
S_0x56195d5f5480 .scope module, "g3" "my_nand" 2 40, 2 27 0, S_0x56195d5f46b0;
 .timescale -9 -12;
    .port_info 0 /INPUT 1 "A";
    .port_info 1 /INPUT 1 "B";
    .port_info 2 /OUTPUT 1 "Y";
L_0x56195d60bf70 .functor AND 1, L_0x56195d60bd30, L_0x56195d60c2d0, C4<1>, C4<1>;
L_0x56195d60c090 .functor NOT 1, L_0x56195d60bf70, C4<0>, C4<0>, C4<0>;
v0x56195d5f56b0_0 .net "A", 0 0, L_0x56195d60bd30;  alias, 1 drivers
v0x56195d5f5750_0 .net "B", 0 0, L_0x56195d60c2d0;  alias, 1 drivers
v0x56195d5f57f0_0 .net "Y", 0 0, L_0x56195d60c090;  alias, 1 drivers
v0x56195d5f5890_0 .net *"_ivl_0", 0 0, L_0x56195d60bf70;  1 drivers
S_0x56195d5f59f0 .scope module, "g4" "my_nand" 2 41, 2 27 0, S_0x56195d5f46b0;
 .timescale -9 -12;
    .port_info 0 /INPUT 1 "A";
    .port_info 1 /INPUT 1 "B";
    .port_info 2 /OUTPUT 1 "Y";
L_0x56195d60c120 .functor AND 1, L_0x56195d60bee0, L_0x56195d60c090, C4<1>, C4<1>;
L_0x56195d60c2d0 .functor NOT 1, L_0x56195d60c120, C4<0>, C4<0>, C4<0>;
v0x56195d5f5c20_0 .net "A", 0 0, L_0x56195d60bee0;  alias, 1 drivers
v0x56195d5f5ce0_0 .net "B", 0 0, L_0x56195d60c090;  alias, 1 drivers
v0x56195d5f5db0_0 .net "Y", 0 0, L_0x56195d60c2d0;  alias, 1 drivers
v0x56195d5f5eb0_0 .net *"_ivl_0", 0 0, L_0x56195d60c120;  1 drivers
S_0x56195d5f5f90 .scope module, "not_gate" "my_not" 2 37, 2 9 0, S_0x56195d5f46b0;
 .timescale -9 -12;
    .port_info 0 /INPUT 1 "A";
    .port_info 1 /OUTPUT 1 "Y";
L_0x56195d60bb60 .functor NOT 1, L_0x56195d60c3f0, C4<0>, C4<0>, C4<0>;
v0x56195d5f6200_0 .net "A", 0 0, L_0x56195d60c3f0;  alias, 1 drivers
v0x56195d5f62c0_0 .net "Y", 0 0, L_0x56195d60bb60;  alias, 1 drivers
S_0x56195d5f6aa0 .scope module, "ff4" "dff" 2 58, 2 33 0, S_0x56195d5cb5e0;
 .timescale -9 -12;
    .port_info 0 /INPUT 1 "clk";
    .port_info 1 /INPUT 1 "d";
    .port_info 2 /OUTPUT 1 "q";
v0x56195d5f87a0_0 .net "clk", 0 0, v0x56195d60a850_0;  alias, 1 drivers
v0x56195d5f8840_0 .net "d", 0 0, L_0x56195d60cdb0;  1 drivers
v0x56195d5f8950_0 .net "d_not", 0 0, L_0x56195d60c520;  1 drivers
v0x56195d5f8a40_0 .net "q", 0 0, L_0x56195d60ca50;  1 drivers
v0x56195d5f8b30_0 .net "q_not", 0 0, L_0x56195d60cc90;  1 drivers
v0x56195d5f8c70_0 .net "r_bar", 0 0, L_0x56195d60c8a0;  1 drivers
v0x56195d5f8d60_0 .net "s_bar", 0 0, L_0x56195d60c6f0;  1 drivers
S_0x56195d5f6cd0 .scope module, "g1" "my_nand" 2 38, 2 27 0, S_0x56195d5f6aa0;
 .timescale -9 -12;
    .port_info 0 /INPUT 1 "A";
    .port_info 1 /INPUT 1 "B";
    .port_info 2 /OUTPUT 1 "Y";
L_0x56195d60c5d0 .functor AND 1, L_0x56195d60cdb0, v0x56195d60a850_0, C4<1>, C4<1>;
L_0x56195d60c6f0 .functor NOT 1, L_0x56195d60c5d0, C4<0>, C4<0>, C4<0>;
v0x56195d5f6f40_0 .net "A", 0 0, L_0x56195d60cdb0;  alias, 1 drivers
v0x56195d5f7020_0 .net "B", 0 0, v0x56195d60a850_0;  alias, 1 drivers
v0x56195d5f70e0_0 .net "Y", 0 0, L_0x56195d60c6f0;  alias, 1 drivers
v0x56195d5f7180_0 .net *"_ivl_0", 0 0, L_0x56195d60c5d0;  1 drivers
S_0x56195d5f72c0 .scope module, "g2" "my_nand" 2 39, 2 27 0, S_0x56195d5f6aa0;
 .timescale -9 -12;
    .port_info 0 /INPUT 1 "A";
    .port_info 1 /INPUT 1 "B";
    .port_info 2 /OUTPUT 1 "Y";
L_0x56195d60c780 .functor AND 1, L_0x56195d60c520, v0x56195d60a850_0, C4<1>, C4<1>;
L_0x56195d60c8a0 .functor NOT 1, L_0x56195d60c780, C4<0>, C4<0>, C4<0>;
v0x56195d5f74f0_0 .net "A", 0 0, L_0x56195d60c520;  alias, 1 drivers
v0x56195d5f75d0_0 .net "B", 0 0, v0x56195d60a850_0;  alias, 1 drivers
v0x56195d5f7690_0 .net "Y", 0 0, L_0x56195d60c8a0;  alias, 1 drivers
v0x56195d5f7730_0 .net *"_ivl_0", 0 0, L_0x56195d60c780;  1 drivers
S_0x56195d5f7870 .scope module, "g3" "my_nand" 2 40, 2 27 0, S_0x56195d5f6aa0;
 .timescale -9 -12;
    .port_info 0 /INPUT 1 "A";
    .port_info 1 /INPUT 1 "B";
    .port_info 2 /OUTPUT 1 "Y";
L_0x56195d60c930 .functor AND 1, L_0x56195d60c6f0, L_0x56195d60cc90, C4<1>, C4<1>;
L_0x56195d60ca50 .functor NOT 1, L_0x56195d60c930, C4<0>, C4<0>, C4<0>;
v0x56195d5f7aa0_0 .net "A", 0 0, L_0x56195d60c6f0;  alias, 1 drivers
v0x56195d5f7b40_0 .net "B", 0 0, L_0x56195d60cc90;  alias, 1 drivers
v0x56195d5f7be0_0 .net "Y", 0 0, L_0x56195d60ca50;  alias, 1 drivers
v0x56195d5f7c80_0 .net *"_ivl_0", 0 0, L_0x56195d60c930;  1 drivers
S_0x56195d5f7de0 .scope module, "g4" "my_nand" 2 41, 2 27 0, S_0x56195d5f6aa0;
 .timescale -9 -12;
    .port_info 0 /INPUT 1 "A";
    .port_info 1 /INPUT 1 "B";
    .port_info 2 /OUTPUT 1 "Y";
L_0x56195d60cae0 .functor AND 1, L_0x56195d60c8a0, L_0x56195d60ca50, C4<1>, C4<1>;
L_0x56195d60cc90 .functor NOT 1, L_0x56195d60cae0, C4<0>, C4<0>, C4<0>;
v0x56195d5f8010_0 .net "A", 0 0, L_0x56195d60c8a0;  alias, 1 drivers
v0x56195d5f80d0_0 .net "B", 0 0, L_0x56195d60ca50;  alias, 1 drivers
v0x56195d5f81a0_0 .net "Y", 0 0, L_0x56195d60cc90;  alias, 1 drivers
v0x56195d5f82a0_0 .net *"_ivl_0", 0 0, L_0x56195d60cae0;  1 drivers
S_0x56195d5f8380 .scope module, "not_gate" "my_not" 2 37, 2 9 0, S_0x56195d5f6aa0;
 .timescale -9 -12;
    .port_info 0 /INPUT 1 "A";
    .port_info 1 /OUTPUT 1 "Y";
L_0x56195d60c520 .functor NOT 1, L_0x56195d60cdb0, C4<0>, C4<0>, C4<0>;
v0x56195d5f85f0_0 .net "A", 0 0, L_0x56195d60cdb0;  alias, 1 drivers
v0x56195d5f86b0_0 .net "Y", 0 0, L_0x56195d60c520;  alias, 1 drivers
S_0x56195d5f8e90 .scope module, "ff5" "dff" 2 60, 2 33 0, S_0x56195d5cb5e0;
 .timescale -9 -12;
    .port_info 0 /INPUT 1 "clk";
    .port_info 1 /INPUT 1 "d";
    .port_info 2 /OUTPUT 1 "q";
v0x56195d5fab40_0 .net "clk", 0 0, v0x56195d60a850_0;  alias, 1 drivers
v0x56195d5fabe0_0 .net "d", 0 0, L_0x56195d60d7a0;  1 drivers
v0x56195d5facf0_0 .net "d_not", 0 0, L_0x56195d60cf20;  1 drivers
v0x56195d5fade0_0 .net "q", 0 0, L_0x56195d60d440;  1 drivers
v0x56195d5faed0_0 .net "q_not", 0 0, L_0x56195d60d680;  1 drivers
v0x56195d5fb010_0 .net "r_bar", 0 0, L_0x56195d60d290;  1 drivers
v0x56195d5fb100_0 .net "s_bar", 0 0, L_0x56195d60d0e0;  1 drivers
S_0x56195d5f9070 .scope module, "g1" "my_nand" 2 38, 2 27 0, S_0x56195d5f8e90;
 .timescale -9 -12;
    .port_info 0 /INPUT 1 "A";
    .port_info 1 /INPUT 1 "B";
    .port_info 2 /OUTPUT 1 "Y";
L_0x56195d60cf90 .functor AND 1, L_0x56195d60d7a0, v0x56195d60a850_0, C4<1>, C4<1>;
L_0x56195d60d0e0 .functor NOT 1, L_0x56195d60cf90, C4<0>, C4<0>, C4<0>;
v0x56195d5f92e0_0 .net "A", 0 0, L_0x56195d60d7a0;  alias, 1 drivers
v0x56195d5f93c0_0 .net "B", 0 0, v0x56195d60a850_0;  alias, 1 drivers
v0x56195d5f9480_0 .net "Y", 0 0, L_0x56195d60d0e0;  alias, 1 drivers
v0x56195d5f9520_0 .net *"_ivl_0", 0 0, L_0x56195d60cf90;  1 drivers
S_0x56195d5f9660 .scope module, "g2" "my_nand" 2 39, 2 27 0, S_0x56195d5f8e90;
 .timescale -9 -12;
    .port_info 0 /INPUT 1 "A";
    .port_info 1 /INPUT 1 "B";
    .port_info 2 /OUTPUT 1 "Y";
L_0x56195d60d170 .functor AND 1, L_0x56195d60cf20, v0x56195d60a850_0, C4<1>, C4<1>;
L_0x56195d60d290 .functor NOT 1, L_0x56195d60d170, C4<0>, C4<0>, C4<0>;
v0x56195d5f9890_0 .net "A", 0 0, L_0x56195d60cf20;  alias, 1 drivers
v0x56195d5f9970_0 .net "B", 0 0, v0x56195d60a850_0;  alias, 1 drivers
v0x56195d5f9a30_0 .net "Y", 0 0, L_0x56195d60d290;  alias, 1 drivers
v0x56195d5f9ad0_0 .net *"_ivl_0", 0 0, L_0x56195d60d170;  1 drivers
S_0x56195d5f9c10 .scope module, "g3" "my_nand" 2 40, 2 27 0, S_0x56195d5f8e90;
 .timescale -9 -12;
    .port_info 0 /INPUT 1 "A";
    .port_info 1 /INPUT 1 "B";
    .port_info 2 /OUTPUT 1 "Y";
L_0x56195d60d320 .functor AND 1, L_0x56195d60d0e0, L_0x56195d60d680, C4<1>, C4<1>;
L_0x56195d60d440 .functor NOT 1, L_0x56195d60d320, C4<0>, C4<0>, C4<0>;
v0x56195d5f9e40_0 .net "A", 0 0, L_0x56195d60d0e0;  alias, 1 drivers
v0x56195d5f9ee0_0 .net "B", 0 0, L_0x56195d60d680;  alias, 1 drivers
v0x56195d5f9f80_0 .net "Y", 0 0, L_0x56195d60d440;  alias, 1 drivers
v0x56195d5fa020_0 .net *"_ivl_0", 0 0, L_0x56195d60d320;  1 drivers
S_0x56195d5fa180 .scope module, "g4" "my_nand" 2 41, 2 27 0, S_0x56195d5f8e90;
 .timescale -9 -12;
    .port_info 0 /INPUT 1 "A";
    .port_info 1 /INPUT 1 "B";
    .port_info 2 /OUTPUT 1 "Y";
L_0x56195d60d4d0 .functor AND 1, L_0x56195d60d290, L_0x56195d60d440, C4<1>, C4<1>;
L_0x56195d60d680 .functor NOT 1, L_0x56195d60d4d0, C4<0>, C4<0>, C4<0>;
v0x56195d5fa3b0_0 .net "A", 0 0, L_0x56195d60d290;  alias, 1 drivers
v0x56195d5fa470_0 .net "B", 0 0, L_0x56195d60d440;  alias, 1 drivers
v0x56195d5fa540_0 .net "Y", 0 0, L_0x56195d60d680;  alias, 1 drivers
v0x56195d5fa640_0 .net *"_ivl_0", 0 0, L_0x56195d60d4d0;  1 drivers
S_0x56195d5fa720 .scope module, "not_gate" "my_not" 2 37, 2 9 0, S_0x56195d5f8e90;
 .timescale -9 -12;
    .port_info 0 /INPUT 1 "A";
    .port_info 1 /OUTPUT 1 "Y";
L_0x56195d60cf20 .functor NOT 1, L_0x56195d60d7a0, C4<0>, C4<0>, C4<0>;
v0x56195d5fa990_0 .net "A", 0 0, L_0x56195d60d7a0;  alias, 1 drivers
v0x56195d5faa50_0 .net "Y", 0 0, L_0x56195d60cf20;  alias, 1 drivers
S_0x56195d5fb230 .scope module, "ff6" "dff" 2 61, 2 33 0, S_0x56195d5cb5e0;
 .timescale -9 -12;
    .port_info 0 /INPUT 1 "clk";
    .port_info 1 /INPUT 1 "d";
    .port_info 2 /OUTPUT 1 "q";
v0x56195d5fcf30_0 .net "clk", 0 0, v0x56195d60a850_0;  alias, 1 drivers
v0x56195d5fcfd0_0 .net "d", 0 0, L_0x56195d60e110;  1 drivers
v0x56195d5fd0e0_0 .net "d_not", 0 0, L_0x56195d60d880;  1 drivers
v0x56195d5fd1d0_0 .net "q", 0 0, L_0x56195d60ddb0;  1 drivers
v0x56195d5fd2c0_0 .net "q_not", 0 0, L_0x56195d60dff0;  1 drivers
v0x56195d5fd400_0 .net "r_bar", 0 0, L_0x56195d60dc00;  1 drivers
v0x56195d5fd4f0_0 .net "s_bar", 0 0, L_0x56195d60da50;  1 drivers
S_0x56195d5fb460 .scope module, "g1" "my_nand" 2 38, 2 27 0, S_0x56195d5fb230;
 .timescale -9 -12;
    .port_info 0 /INPUT 1 "A";
    .port_info 1 /INPUT 1 "B";
    .port_info 2 /OUTPUT 1 "Y";
L_0x56195d60d930 .functor AND 1, L_0x56195d60e110, v0x56195d60a850_0, C4<1>, C4<1>;
L_0x56195d60da50 .functor NOT 1, L_0x56195d60d930, C4<0>, C4<0>, C4<0>;
v0x56195d5fb6d0_0 .net "A", 0 0, L_0x56195d60e110;  alias, 1 drivers
v0x56195d5fb7b0_0 .net "B", 0 0, v0x56195d60a850_0;  alias, 1 drivers
v0x56195d5fb870_0 .net "Y", 0 0, L_0x56195d60da50;  alias, 1 drivers
v0x56195d5fb910_0 .net *"_ivl_0", 0 0, L_0x56195d60d930;  1 drivers
S_0x56195d5fba50 .scope module, "g2" "my_nand" 2 39, 2 27 0, S_0x56195d5fb230;
 .timescale -9 -12;
    .port_info 0 /INPUT 1 "A";
    .port_info 1 /INPUT 1 "B";
    .port_info 2 /OUTPUT 1 "Y";
L_0x56195d60dae0 .functor AND 1, L_0x56195d60d880, v0x56195d60a850_0, C4<1>, C4<1>;
L_0x56195d60dc00 .functor NOT 1, L_0x56195d60dae0, C4<0>, C4<0>, C4<0>;
v0x56195d5fbc80_0 .net "A", 0 0, L_0x56195d60d880;  alias, 1 drivers
v0x56195d5fbd60_0 .net "B", 0 0, v0x56195d60a850_0;  alias, 1 drivers
v0x56195d5fbe20_0 .net "Y", 0 0, L_0x56195d60dc00;  alias, 1 drivers
v0x56195d5fbec0_0 .net *"_ivl_0", 0 0, L_0x56195d60dae0;  1 drivers
S_0x56195d5fc000 .scope module, "g3" "my_nand" 2 40, 2 27 0, S_0x56195d5fb230;
 .timescale -9 -12;
    .port_info 0 /INPUT 1 "A";
    .port_info 1 /INPUT 1 "B";
    .port_info 2 /OUTPUT 1 "Y";
L_0x56195d60dc90 .functor AND 1, L_0x56195d60da50, L_0x56195d60dff0, C4<1>, C4<1>;
L_0x56195d60ddb0 .functor NOT 1, L_0x56195d60dc90, C4<0>, C4<0>, C4<0>;
v0x56195d5fc230_0 .net "A", 0 0, L_0x56195d60da50;  alias, 1 drivers
v0x56195d5fc2d0_0 .net "B", 0 0, L_0x56195d60dff0;  alias, 1 drivers
v0x56195d5fc370_0 .net "Y", 0 0, L_0x56195d60ddb0;  alias, 1 drivers
v0x56195d5fc410_0 .net *"_ivl_0", 0 0, L_0x56195d60dc90;  1 drivers
S_0x56195d5fc570 .scope module, "g4" "my_nand" 2 41, 2 27 0, S_0x56195d5fb230;
 .timescale -9 -12;
    .port_info 0 /INPUT 1 "A";
    .port_info 1 /INPUT 1 "B";
    .port_info 2 /OUTPUT 1 "Y";
L_0x56195d60de40 .functor AND 1, L_0x56195d60dc00, L_0x56195d60ddb0, C4<1>, C4<1>;
L_0x56195d60dff0 .functor NOT 1, L_0x56195d60de40, C4<0>, C4<0>, C4<0>;
v0x56195d5fc7a0_0 .net "A", 0 0, L_0x56195d60dc00;  alias, 1 drivers
v0x56195d5fc860_0 .net "B", 0 0, L_0x56195d60ddb0;  alias, 1 drivers
v0x56195d5fc930_0 .net "Y", 0 0, L_0x56195d60dff0;  alias, 1 drivers
v0x56195d5fca30_0 .net *"_ivl_0", 0 0, L_0x56195d60de40;  1 drivers
S_0x56195d5fcb10 .scope module, "not_gate" "my_not" 2 37, 2 9 0, S_0x56195d5fb230;
 .timescale -9 -12;
    .port_info 0 /INPUT 1 "A";
    .port_info 1 /OUTPUT 1 "Y";
L_0x56195d60d880 .functor NOT 1, L_0x56195d60e110, C4<0>, C4<0>, C4<0>;
v0x56195d5fcd80_0 .net "A", 0 0, L_0x56195d60e110;  alias, 1 drivers
v0x56195d5fce40_0 .net "Y", 0 0, L_0x56195d60d880;  alias, 1 drivers
S_0x56195d5fd620 .scope module, "ff7" "dff" 2 62, 2 33 0, S_0x56195d5cb5e0;
 .timescale -9 -12;
    .port_info 0 /INPUT 1 "clk";
    .port_info 1 /INPUT 1 "d";
    .port_info 2 /OUTPUT 1 "q";
v0x56195d5ff320_0 .net "clk", 0 0, v0x56195d60a850_0;  alias, 1 drivers
v0x56195d5ff7d0_0 .net "d", 0 0, L_0x56195d60ea40;  1 drivers
v0x56195d5ff8e0_0 .net "d_not", 0 0, L_0x56195d60e1b0;  1 drivers
v0x56195d5ff9d0_0 .net "q", 0 0, L_0x56195d60e6e0;  1 drivers
v0x56195d5ffac0_0 .net "q_not", 0 0, L_0x56195d60e920;  1 drivers
v0x56195d5ffc00_0 .net "r_bar", 0 0, L_0x56195d60e530;  1 drivers
v0x56195d5ffcf0_0 .net "s_bar", 0 0, L_0x56195d60e380;  1 drivers
S_0x56195d5fd850 .scope module, "g1" "my_nand" 2 38, 2 27 0, S_0x56195d5fd620;
 .timescale -9 -12;
    .port_info 0 /INPUT 1 "A";
    .port_info 1 /INPUT 1 "B";
    .port_info 2 /OUTPUT 1 "Y";
L_0x56195d60e260 .functor AND 1, L_0x56195d60ea40, v0x56195d60a850_0, C4<1>, C4<1>;
L_0x56195d60e380 .functor NOT 1, L_0x56195d60e260, C4<0>, C4<0>, C4<0>;
v0x56195d5fdac0_0 .net "A", 0 0, L_0x56195d60ea40;  alias, 1 drivers
v0x56195d5fdba0_0 .net "B", 0 0, v0x56195d60a850_0;  alias, 1 drivers
v0x56195d5fdc60_0 .net "Y", 0 0, L_0x56195d60e380;  alias, 1 drivers
v0x56195d5fdd00_0 .net *"_ivl_0", 0 0, L_0x56195d60e260;  1 drivers
S_0x56195d5fde40 .scope module, "g2" "my_nand" 2 39, 2 27 0, S_0x56195d5fd620;
 .timescale -9 -12;
    .port_info 0 /INPUT 1 "A";
    .port_info 1 /INPUT 1 "B";
    .port_info 2 /OUTPUT 1 "Y";
L_0x56195d60e410 .functor AND 1, L_0x56195d60e1b0, v0x56195d60a850_0, C4<1>, C4<1>;
L_0x56195d60e530 .functor NOT 1, L_0x56195d60e410, C4<0>, C4<0>, C4<0>;
v0x56195d5fe070_0 .net "A", 0 0, L_0x56195d60e1b0;  alias, 1 drivers
v0x56195d5fe150_0 .net "B", 0 0, v0x56195d60a850_0;  alias, 1 drivers
v0x56195d5fe210_0 .net "Y", 0 0, L_0x56195d60e530;  alias, 1 drivers
v0x56195d5fe2b0_0 .net *"_ivl_0", 0 0, L_0x56195d60e410;  1 drivers
S_0x56195d5fe3f0 .scope module, "g3" "my_nand" 2 40, 2 27 0, S_0x56195d5fd620;
 .timescale -9 -12;
    .port_info 0 /INPUT 1 "A";
    .port_info 1 /INPUT 1 "B";
    .port_info 2 /OUTPUT 1 "Y";
L_0x56195d60e5c0 .functor AND 1, L_0x56195d60e380, L_0x56195d60e920, C4<1>, C4<1>;
L_0x56195d60e6e0 .functor NOT 1, L_0x56195d60e5c0, C4<0>, C4<0>, C4<0>;
v0x56195d5fe620_0 .net "A", 0 0, L_0x56195d60e380;  alias, 1 drivers
v0x56195d5fe6c0_0 .net "B", 0 0, L_0x56195d60e920;  alias, 1 drivers
v0x56195d5fe760_0 .net "Y", 0 0, L_0x56195d60e6e0;  alias, 1 drivers
v0x56195d5fe800_0 .net *"_ivl_0", 0 0, L_0x56195d60e5c0;  1 drivers
S_0x56195d5fe960 .scope module, "g4" "my_nand" 2 41, 2 27 0, S_0x56195d5fd620;
 .timescale -9 -12;
    .port_info 0 /INPUT 1 "A";
    .port_info 1 /INPUT 1 "B";
    .port_info 2 /OUTPUT 1 "Y";
L_0x56195d60e770 .functor AND 1, L_0x56195d60e530, L_0x56195d60e6e0, C4<1>, C4<1>;
L_0x56195d60e920 .functor NOT 1, L_0x56195d60e770, C4<0>, C4<0>, C4<0>;
v0x56195d5feb90_0 .net "A", 0 0, L_0x56195d60e530;  alias, 1 drivers
v0x56195d5fec50_0 .net "B", 0 0, L_0x56195d60e6e0;  alias, 1 drivers
v0x56195d5fed20_0 .net "Y", 0 0, L_0x56195d60e920;  alias, 1 drivers
v0x56195d5fee20_0 .net *"_ivl_0", 0 0, L_0x56195d60e770;  1 drivers
S_0x56195d5fef00 .scope module, "not_gate" "my_not" 2 37, 2 9 0, S_0x56195d5fd620;
 .timescale -9 -12;
    .port_info 0 /INPUT 1 "A";
    .port_info 1 /OUTPUT 1 "Y";
L_0x56195d60e1b0 .functor NOT 1, L_0x56195d60ea40, C4<0>, C4<0>, C4<0>;
v0x56195d5ff170_0 .net "A", 0 0, L_0x56195d60ea40;  alias, 1 drivers
v0x56195d5ff230_0 .net "Y", 0 0, L_0x56195d60e1b0;  alias, 1 drivers
S_0x56195d5ffe20 .scope module, "ff8" "dff" 2 63, 2 33 0, S_0x56195d5cb5e0;
 .timescale -9 -12;
    .port_info 0 /INPUT 1 "clk";
    .port_info 1 /INPUT 1 "d";
    .port_info 2 /OUTPUT 1 "q";
v0x56195d601b20_0 .net "clk", 0 0, v0x56195d60a850_0;  alias, 1 drivers
v0x56195d601bc0_0 .net "d", 0 0, L_0x56195d60f400;  1 drivers
v0x56195d601cd0_0 .net "d_not", 0 0, L_0x56195d60eb70;  1 drivers
v0x56195d601dc0_0 .net "q", 0 0, L_0x56195d60f0a0;  1 drivers
v0x56195d601eb0_0 .net "q_not", 0 0, L_0x56195d60f2e0;  1 drivers
v0x56195d601ff0_0 .net "r_bar", 0 0, L_0x56195d60eef0;  1 drivers
v0x56195d6020e0_0 .net "s_bar", 0 0, L_0x56195d60ed40;  1 drivers
S_0x56195d600050 .scope module, "g1" "my_nand" 2 38, 2 27 0, S_0x56195d5ffe20;
 .timescale -9 -12;
    .port_info 0 /INPUT 1 "A";
    .port_info 1 /INPUT 1 "B";
    .port_info 2 /OUTPUT 1 "Y";
L_0x56195d60ec20 .functor AND 1, L_0x56195d60f400, v0x56195d60a850_0, C4<1>, C4<1>;
L_0x56195d60ed40 .functor NOT 1, L_0x56195d60ec20, C4<0>, C4<0>, C4<0>;
v0x56195d6002c0_0 .net "A", 0 0, L_0x56195d60f400;  alias, 1 drivers
v0x56195d6003a0_0 .net "B", 0 0, v0x56195d60a850_0;  alias, 1 drivers
v0x56195d600460_0 .net "Y", 0 0, L_0x56195d60ed40;  alias, 1 drivers
v0x56195d600500_0 .net *"_ivl_0", 0 0, L_0x56195d60ec20;  1 drivers
S_0x56195d600640 .scope module, "g2" "my_nand" 2 39, 2 27 0, S_0x56195d5ffe20;
 .timescale -9 -12;
    .port_info 0 /INPUT 1 "A";
    .port_info 1 /INPUT 1 "B";
    .port_info 2 /OUTPUT 1 "Y";
L_0x56195d60edd0 .functor AND 1, L_0x56195d60eb70, v0x56195d60a850_0, C4<1>, C4<1>;
L_0x56195d60eef0 .functor NOT 1, L_0x56195d60edd0, C4<0>, C4<0>, C4<0>;
v0x56195d600870_0 .net "A", 0 0, L_0x56195d60eb70;  alias, 1 drivers
v0x56195d600950_0 .net "B", 0 0, v0x56195d60a850_0;  alias, 1 drivers
v0x56195d600a10_0 .net "Y", 0 0, L_0x56195d60eef0;  alias, 1 drivers
v0x56195d600ab0_0 .net *"_ivl_0", 0 0, L_0x56195d60edd0;  1 drivers
S_0x56195d600bf0 .scope module, "g3" "my_nand" 2 40, 2 27 0, S_0x56195d5ffe20;
 .timescale -9 -12;
    .port_info 0 /INPUT 1 "A";
    .port_info 1 /INPUT 1 "B";
    .port_info 2 /OUTPUT 1 "Y";
L_0x56195d60ef80 .functor AND 1, L_0x56195d60ed40, L_0x56195d60f2e0, C4<1>, C4<1>;
L_0x56195d60f0a0 .functor NOT 1, L_0x56195d60ef80, C4<0>, C4<0>, C4<0>;
v0x56195d600e20_0 .net "A", 0 0, L_0x56195d60ed40;  alias, 1 drivers
v0x56195d600ec0_0 .net "B", 0 0, L_0x56195d60f2e0;  alias, 1 drivers
v0x56195d600f60_0 .net "Y", 0 0, L_0x56195d60f0a0;  alias, 1 drivers
v0x56195d601000_0 .net *"_ivl_0", 0 0, L_0x56195d60ef80;  1 drivers
S_0x56195d601160 .scope module, "g4" "my_nand" 2 41, 2 27 0, S_0x56195d5ffe20;
 .timescale -9 -12;
    .port_info 0 /INPUT 1 "A";
    .port_info 1 /INPUT 1 "B";
    .port_info 2 /OUTPUT 1 "Y";
L_0x56195d60f130 .functor AND 1, L_0x56195d60eef0, L_0x56195d60f0a0, C4<1>, C4<1>;
L_0x56195d60f2e0 .functor NOT 1, L_0x56195d60f130, C4<0>, C4<0>, C4<0>;
v0x56195d601390_0 .net "A", 0 0, L_0x56195d60eef0;  alias, 1 drivers
v0x56195d601450_0 .net "B", 0 0, L_0x56195d60f0a0;  alias, 1 drivers
v0x56195d601520_0 .net "Y", 0 0, L_0x56195d60f2e0;  alias, 1 drivers
v0x56195d601620_0 .net *"_ivl_0", 0 0, L_0x56195d60f130;  1 drivers
S_0x56195d601700 .scope module, "not_gate" "my_not" 2 37, 2 9 0, S_0x56195d5ffe20;
 .timescale -9 -12;
    .port_info 0 /INPUT 1 "A";
    .port_info 1 /OUTPUT 1 "Y";
L_0x56195d60eb70 .functor NOT 1, L_0x56195d60f400, C4<0>, C4<0>, C4<0>;
v0x56195d601970_0 .net "A", 0 0, L_0x56195d60f400;  alias, 1 drivers
v0x56195d601a30_0 .net "Y", 0 0, L_0x56195d60eb70;  alias, 1 drivers
S_0x56195d602210 .scope module, "ff9" "dff" 2 102, 2 33 0, S_0x56195d5cb5e0;
 .timescale -9 -12;
    .port_info 0 /INPUT 1 "clk";
    .port_info 1 /INPUT 1 "d";
    .port_info 2 /OUTPUT 1 "q";
v0x56195d603f10_0 .net "clk", 0 0, v0x56195d60a850_0;  alias, 1 drivers
v0x56195d603fb0_0 .net "d", 0 0, L_0x56195d612040;  1 drivers
v0x56195d6040c0_0 .net "d_not", 0 0, L_0x56195d611950;  1 drivers
v0x56195d6041b0_0 .net "q", 0 0, L_0x56195d611ce0;  1 drivers
v0x56195d6042a0_0 .net "q_not", 0 0, L_0x56195d611f20;  1 drivers
v0x56195d6043e0_0 .net "r_bar", 0 0, L_0x56195d611b30;  1 drivers
v0x56195d6044d0_0 .net "s_bar", 0 0, L_0x56195d611a30;  1 drivers
S_0x56195d602440 .scope module, "g1" "my_nand" 2 38, 2 27 0, S_0x56195d602210;
 .timescale -9 -12;
    .port_info 0 /INPUT 1 "A";
    .port_info 1 /INPUT 1 "B";
    .port_info 2 /OUTPUT 1 "Y";
L_0x56195d6119c0 .functor AND 1, L_0x56195d612040, v0x56195d60a850_0, C4<1>, C4<1>;
L_0x56195d611a30 .functor NOT 1, L_0x56195d6119c0, C4<0>, C4<0>, C4<0>;
v0x56195d6026b0_0 .net "A", 0 0, L_0x56195d612040;  alias, 1 drivers
v0x56195d602790_0 .net "B", 0 0, v0x56195d60a850_0;  alias, 1 drivers
v0x56195d602850_0 .net "Y", 0 0, L_0x56195d611a30;  alias, 1 drivers
v0x56195d6028f0_0 .net *"_ivl_0", 0 0, L_0x56195d6119c0;  1 drivers
S_0x56195d602a30 .scope module, "g2" "my_nand" 2 39, 2 27 0, S_0x56195d602210;
 .timescale -9 -12;
    .port_info 0 /INPUT 1 "A";
    .port_info 1 /INPUT 1 "B";
    .port_info 2 /OUTPUT 1 "Y";
L_0x56195d611aa0 .functor AND 1, L_0x56195d611950, v0x56195d60a850_0, C4<1>, C4<1>;
L_0x56195d611b30 .functor NOT 1, L_0x56195d611aa0, C4<0>, C4<0>, C4<0>;
v0x56195d602c60_0 .net "A", 0 0, L_0x56195d611950;  alias, 1 drivers
v0x56195d602d40_0 .net "B", 0 0, v0x56195d60a850_0;  alias, 1 drivers
v0x56195d602e00_0 .net "Y", 0 0, L_0x56195d611b30;  alias, 1 drivers
v0x56195d602ea0_0 .net *"_ivl_0", 0 0, L_0x56195d611aa0;  1 drivers
S_0x56195d602fe0 .scope module, "g3" "my_nand" 2 40, 2 27 0, S_0x56195d602210;
 .timescale -9 -12;
    .port_info 0 /INPUT 1 "A";
    .port_info 1 /INPUT 1 "B";
    .port_info 2 /OUTPUT 1 "Y";
L_0x56195d611bc0 .functor AND 1, L_0x56195d611a30, L_0x56195d611f20, C4<1>, C4<1>;
L_0x56195d611ce0 .functor NOT 1, L_0x56195d611bc0, C4<0>, C4<0>, C4<0>;
v0x56195d603210_0 .net "A", 0 0, L_0x56195d611a30;  alias, 1 drivers
v0x56195d6032b0_0 .net "B", 0 0, L_0x56195d611f20;  alias, 1 drivers
v0x56195d603350_0 .net "Y", 0 0, L_0x56195d611ce0;  alias, 1 drivers
v0x56195d6033f0_0 .net *"_ivl_0", 0 0, L_0x56195d611bc0;  1 drivers
S_0x56195d603550 .scope module, "g4" "my_nand" 2 41, 2 27 0, S_0x56195d602210;
 .timescale -9 -12;
    .port_info 0 /INPUT 1 "A";
    .port_info 1 /INPUT 1 "B";
    .port_info 2 /OUTPUT 1 "Y";
L_0x56195d611d70 .functor AND 1, L_0x56195d611b30, L_0x56195d611ce0, C4<1>, C4<1>;
L_0x56195d611f20 .functor NOT 1, L_0x56195d611d70, C4<0>, C4<0>, C4<0>;
v0x56195d603780_0 .net "A", 0 0, L_0x56195d611b30;  alias, 1 drivers
v0x56195d603840_0 .net "B", 0 0, L_0x56195d611ce0;  alias, 1 drivers
v0x56195d603910_0 .net "Y", 0 0, L_0x56195d611f20;  alias, 1 drivers
v0x56195d603a10_0 .net *"_ivl_0", 0 0, L_0x56195d611d70;  1 drivers
S_0x56195d603af0 .scope module, "not_gate" "my_not" 2 37, 2 9 0, S_0x56195d602210;
 .timescale -9 -12;
    .port_info 0 /INPUT 1 "A";
    .port_info 1 /OUTPUT 1 "Y";
L_0x56195d611950 .functor NOT 1, L_0x56195d612040, C4<0>, C4<0>, C4<0>;
v0x56195d603d60_0 .net "A", 0 0, L_0x56195d612040;  alias, 1 drivers
v0x56195d603e20_0 .net "Y", 0 0, L_0x56195d611950;  alias, 1 drivers
S_0x56195d604600 .scope module, "g1" "my_xor" 2 66, 2 21 0, S_0x56195d5cb5e0;
 .timescale -9 -12;
    .port_info 0 /INPUT 1 "A";
    .port_info 1 /INPUT 1 "B";
    .port_info 2 /OUTPUT 1 "Y";
L_0x56195d60f5a0 .functor XOR 1, o0x7f6edd0bd218, L_0x56195d60f6d0, C4<0>, C4<0>;
v0x56195d604830_0 .net "A", 0 0, o0x7f6edd0bd218;  alias, 0 drivers
v0x56195d604910_0 .net "B", 0 0, L_0x56195d60f6d0;  1 drivers
v0x56195d6049d0_0 .net "Y", 0 0, L_0x56195d60f5a0;  1 drivers
S_0x56195d604af0 .scope module, "g10" "my_or" 2 77, 2 15 0, S_0x56195d5cb5e0;
 .timescale -9 -12;
    .port_info 0 /INPUT 1 "A";
    .port_info 1 /INPUT 1 "B";
    .port_info 2 /OUTPUT 1 "Y";
L_0x56195d610600 .functor OR 1, o0x7f6edd0bd338, o0x7f6edd0bd368, C4<0>, C4<0>;
v0x56195d604d20_0 .net "A", 0 0, o0x7f6edd0bd338;  alias, 0 drivers
v0x56195d604e00_0 .net "B", 0 0, o0x7f6edd0bd368;  alias, 0 drivers
v0x56195d604ec0_0 .net "Y", 0 0, L_0x56195d610600;  alias, 1 drivers
S_0x56195d604fe0 .scope module, "g2" "my_xor" 2 67, 2 21 0, S_0x56195d5cb5e0;
 .timescale -9 -12;
    .port_info 0 /INPUT 1 "A";
    .port_info 1 /INPUT 1 "B";
    .port_info 2 /OUTPUT 1 "Y";
L_0x56195d60f770 .functor XOR 1, o0x7f6edd0bd458, L_0x56195d60f7e0, C4<0>, C4<0>;
v0x56195d605210_0 .net "A", 0 0, o0x7f6edd0bd458;  alias, 0 drivers
v0x56195d6052f0_0 .net "B", 0 0, L_0x56195d60f7e0;  1 drivers
v0x56195d6053b0_0 .net "Y", 0 0, L_0x56195d60f770;  1 drivers
S_0x56195d6054d0 .scope module, "g23" "my_xor" 2 97, 2 21 0, S_0x56195d5cb5e0;
 .timescale -9 -12;
    .port_info 0 /INPUT 1 "A";
    .port_info 1 /INPUT 1 "B";
    .port_info 2 /OUTPUT 1 "Y";
L_0x56195d611420 .functor XOR 1, o0x7f6edd0bd218, L_0x56195d610570, C4<0>, C4<0>;
v0x56195d605700_0 .net "A", 0 0, o0x7f6edd0bd218;  alias, 0 drivers
v0x56195d6057c0_0 .net "B", 0 0, L_0x56195d610570;  alias, 1 drivers
v0x56195d605860_0 .net "Y", 0 0, L_0x56195d611420;  1 drivers
S_0x56195d605980 .scope module, "g24" "my_xor" 2 98, 2 21 0, S_0x56195d5cb5e0;
 .timescale -9 -12;
    .port_info 0 /INPUT 1 "A";
    .port_info 1 /INPUT 1 "B";
    .port_info 2 /OUTPUT 1 "Y";
L_0x56195d6115a0 .functor XOR 1, o0x7f6edd0bd458, o0x7f6edd0bd338, C4<0>, C4<0>;
v0x56195d605bb0_0 .net "A", 0 0, o0x7f6edd0bd458;  alias, 0 drivers
v0x56195d605c70_0 .net "B", 0 0, o0x7f6edd0bd338;  alias, 0 drivers
v0x56195d605d40_0 .net "Y", 0 0, L_0x56195d6115a0;  1 drivers
S_0x56195d605e50 .scope module, "g25" "my_xor" 2 99, 2 21 0, S_0x56195d5cb5e0;
 .timescale -9 -12;
    .port_info 0 /INPUT 1 "A";
    .port_info 1 /INPUT 1 "B";
    .port_info 2 /OUTPUT 1 "Y";
L_0x56195d611610 .functor XOR 1, o0x7f6edd0bd728, L_0x56195d6108d0, C4<0>, C4<0>;
v0x56195d606080_0 .net "A", 0 0, o0x7f6edd0bd728;  alias, 0 drivers
v0x56195d606160_0 .net "B", 0 0, L_0x56195d6108d0;  alias, 1 drivers
v0x56195d606220_0 .net "Y", 0 0, L_0x56195d611610;  1 drivers
S_0x56195d606370 .scope module, "g26" "my_xor" 2 100, 2 21 0, S_0x56195d5cb5e0;
 .timescale -9 -12;
    .port_info 0 /INPUT 1 "A";
    .port_info 1 /INPUT 1 "B";
    .port_info 2 /OUTPUT 1 "Y";
L_0x56195d611680 .functor XOR 1, o0x7f6edd0bd848, L_0x56195d610c20, C4<0>, C4<0>;
v0x56195d6065a0_0 .net "A", 0 0, o0x7f6edd0bd848;  alias, 0 drivers
v0x56195d606680_0 .net "B", 0 0, L_0x56195d610c20;  alias, 1 drivers
v0x56195d606740_0 .net "Y", 0 0, L_0x56195d611680;  1 drivers
S_0x56195d606890 .scope module, "g3" "my_xor" 2 68, 2 21 0, S_0x56195d5cb5e0;
 .timescale -9 -12;
    .port_info 0 /INPUT 1 "A";
    .port_info 1 /INPUT 1 "B";
    .port_info 2 /OUTPUT 1 "Y";
L_0x56195d60f8f0 .functor XOR 1, o0x7f6edd0bd728, L_0x56195d60f990, C4<0>, C4<0>;
v0x56195d606ac0_0 .net "A", 0 0, o0x7f6edd0bd728;  alias, 0 drivers
v0x56195d606bb0_0 .net "B", 0 0, L_0x56195d60f990;  1 drivers
v0x56195d606c50_0 .net "Y", 0 0, L_0x56195d60f8f0;  1 drivers
S_0x56195d606da0 .scope module, "g4" "my_xor" 2 69, 2 21 0, S_0x56195d5cb5e0;
 .timescale -9 -12;
    .port_info 0 /INPUT 1 "A";
    .port_info 1 /INPUT 1 "B";
    .port_info 2 /OUTPUT 1 "Y";
L_0x56195d60fac0 .functor XOR 1, o0x7f6edd0bd848, L_0x56195d60fb60, C4<0>, C4<0>;
v0x56195d606fd0_0 .net "A", 0 0, o0x7f6edd0bd848;  alias, 0 drivers
v0x56195d6070c0_0 .net "B", 0 0, L_0x56195d60fb60;  1 drivers
v0x56195d607160_0 .net "Y", 0 0, L_0x56195d60fac0;  1 drivers
S_0x56195d6072b0 .scope module, "g5" "my_and" 2 71, 2 3 0, S_0x56195d5cb5e0;
 .timescale -9 -12;
    .port_info 0 /INPUT 1 "A";
    .port_info 1 /INPUT 1 "B";
    .port_info 2 /OUTPUT 1 "Y";
L_0x56195d60f880 .functor AND 1, L_0x56195d610600, L_0x56195d60fd20, C4<1>, C4<1>;
v0x56195d6074e0_0 .net "A", 0 0, L_0x56195d610600;  alias, 1 drivers
v0x56195d6075d0_0 .net "B", 0 0, L_0x56195d60fd20;  1 drivers
v0x56195d607670_0 .net "Y", 0 0, L_0x56195d60f880;  1 drivers
S_0x56195d6077c0 .scope module, "g6" "my_and" 2 72, 2 3 0, S_0x56195d5cb5e0;
 .timescale -9 -12;
    .port_info 0 /INPUT 1 "A";
    .port_info 1 /INPUT 1 "B";
    .port_info 2 /OUTPUT 1 "Y";
L_0x56195d60fe50 .functor AND 1, o0x7f6edd0bdc38, L_0x56195d60fec0, C4<1>, C4<1>;
v0x56195d6079f0_0 .net "A", 0 0, o0x7f6edd0bdc38;  alias, 0 drivers
v0x56195d607ad0_0 .net "B", 0 0, L_0x56195d60fec0;  1 drivers
v0x56195d607b90_0 .net "Y", 0 0, L_0x56195d60fe50;  1 drivers
S_0x56195d607ce0 .scope module, "g7" "my_and" 2 73, 2 3 0, S_0x56195d5cb5e0;
 .timescale -9 -12;
    .port_info 0 /INPUT 1 "A";
    .port_info 1 /INPUT 1 "B";
    .port_info 2 /OUTPUT 1 "Y";
L_0x56195d60ff60 .functor AND 1, o0x7f6edd0bdd58, L_0x56195d60ffd0, C4<1>, C4<1>;
v0x56195d607f10_0 .net "A", 0 0, o0x7f6edd0bdd58;  alias, 0 drivers
v0x56195d607ff0_0 .net "B", 0 0, L_0x56195d60ffd0;  1 drivers
v0x56195d6080b0_0 .net "Y", 0 0, L_0x56195d60ff60;  1 drivers
S_0x56195d608200 .scope module, "g8" "my_and" 2 74, 2 3 0, S_0x56195d5cb5e0;
 .timescale -9 -12;
    .port_info 0 /INPUT 1 "A";
    .port_info 1 /INPUT 1 "B";
    .port_info 2 /OUTPUT 1 "Y";
L_0x56195d610220 .functor AND 1, o0x7f6edd0bde78, L_0x56195d610290, C4<1>, C4<1>;
v0x56195d608430_0 .net "A", 0 0, o0x7f6edd0bde78;  alias, 0 drivers
v0x56195d608510_0 .net "B", 0 0, L_0x56195d610290;  1 drivers
v0x56195d6085d0_0 .net "Y", 0 0, L_0x56195d610220;  1 drivers
S_0x56195d608720 .scope module, "g9" "my_and" 2 76, 2 3 0, S_0x56195d5cb5e0;
 .timescale -9 -12;
    .port_info 0 /INPUT 1 "A";
    .port_info 1 /INPUT 1 "B";
    .port_info 2 /OUTPUT 1 "Y";
L_0x56195d610570 .functor AND 1, o0x7f6edd0bd368, o0x7f6edd0bd218, C4<1>, C4<1>;
v0x56195d608950_0 .net "A", 0 0, o0x7f6edd0bd368;  alias, 0 drivers
v0x56195d608a40_0 .net "B", 0 0, o0x7f6edd0bd218;  alias, 0 drivers
v0x56195d608b30_0 .net "Y", 0 0, L_0x56195d610570;  alias, 1 drivers
    .scope S_0x56195d5cbe50;
T_0 ;
    %pushi/vec4 1, 0, 4;
    %store/vec4 v0x56195d60a4f0_0, 0, 4;
    %pushi/vec4 2, 0, 4;
    %store/vec4 v0x56195d60a5d0_0, 0, 4;
    %pushi/vec4 1, 0, 1;
    %store/vec4 v0x56195d60a7b0_0, 0, 1;
    %delay 10000, 0;
    %pushi/vec4 2, 0, 4;
    %store/vec4 v0x56195d60a4f0_0, 0, 4;
    %pushi/vec4 5, 0, 4;
    %store/vec4 v0x56195d60a5d0_0, 0, 4;
    %pushi/vec4 0, 0, 1;
    %store/vec4 v0x56195d60a7b0_0, 0, 1;
    %delay 10000, 0;
    %pushi/vec4 5, 0, 4;
    %store/vec4 v0x56195d60a4f0_0, 0, 4;
    %pushi/vec4 6, 0, 4;
    %store/vec4 v0x56195d60a5d0_0, 0, 4;
    %pushi/vec4 0, 0, 1;
    %store/vec4 v0x56195d60a7b0_0, 0, 1;
    %delay 50000, 0;
    %vpi_call 2 171 "$stop" {0 0 0};
    %end;
    .thread T_0;
# The file index is used to find the file name in the following table.
:file_names 3;
    "N/A";
    "<interactive>";
    "cla_adder_struct.v";
