#! /usr/bin/vvp
:ivl_version "11.0 (stable)";
:ivl_delay_selection "TYPICAL";
:vpi_time_precision - 12;
:vpi_module "/usr/lib/x86_64-linux-gnu/ivl/system.vpi";
:vpi_module "/usr/lib/x86_64-linux-gnu/ivl/vhdl_sys.vpi";
:vpi_module "/usr/lib/x86_64-linux-gnu/ivl/vhdl_textio.vpi";
:vpi_module "/usr/lib/x86_64-linux-gnu/ivl/v2005_math.vpi";
:vpi_module "/usr/lib/x86_64-linux-gnu/ivl/va_math.vpi";
S_0x55d1849f6410 .scope module, "my_nand" "my_nand" 2 27;
 .timescale -9 -12;
    .port_info 0 /INPUT 1 "A";
    .port_info 1 /INPUT 1 "B";
    .port_info 2 /OUTPUT 1 "Y";
o0x7f5917f12018 .functor BUFZ 1, C4<z>; HiZ drive
o0x7f5917f12048 .functor BUFZ 1, C4<z>; HiZ drive
L_0x55d184a07ae0 .functor AND 1, o0x7f5917f12018, o0x7f5917f12048, C4<1>, C4<1>;
L_0x55d184a06f40 .functor NOT 1, L_0x55d184a07ae0, C4<0>, C4<0>, C4<0>;
v0x55d184a07880_0 .net "A", 0 0, o0x7f5917f12018;  0 drivers
v0x55d184a07060_0 .net "B", 0 0, o0x7f5917f12048;  0 drivers
v0x55d184a064d0_0 .net "Y", 0 0, L_0x55d184a06f40;  1 drivers
v0x55d184a03540_0 .net *"_ivl_0", 0 0, L_0x55d184a07ae0;  1 drivers
S_0x55d184a06940 .scope module, "my_not" "my_not" 2 9;
 .timescale -9 -12;
    .port_info 0 /INPUT 1 "A";
    .port_info 1 /OUTPUT 1 "Y";
o0x7f5917f12168 .functor BUFZ 1, C4<z>; HiZ drive
L_0x55d184a063b0 .functor NOT 1, o0x7f5917f12168, C4<0>, C4<0>, C4<0>;
v0x55d1849f5340_0 .net "A", 0 0, o0x7f5917f12168;  0 drivers
v0x55d184a06160_0 .net "Y", 0 0, L_0x55d184a063b0;  1 drivers
S_0x55d184a05db0 .scope module, "tb" "tb" 2 114;
 .timescale -9 -12;
v0x55d184a2a150_0 .var "A", 3 0;
v0x55d184a2a230_0 .var "B", 3 0;
v0x55d184a2a2d0_0 .var "Cin", 0 0;
v0x55d184a2a3c0_0 .net "Cout", 0 0, v0x55d184a21630_0;  1 drivers
v0x55d184a2a4b0_0 .var "clk", 0 0;
v0x55d184a2a5a0_0 .net "sum", 3 0, L_0x55d184a2e390;  1 drivers
S_0x55d184a1f780 .scope module, "dut" "adder" 2 124, 2 44 0, S_0x55d184a05db0;
 .timescale -9 -12;
    .port_info 0 /INPUT 4 "A_in";
    .port_info 1 /INPUT 4 "B_in";
    .port_info 2 /INPUT 1 "Cin_in";
    .port_info 3 /OUTPUT 4 "sum";
    .port_info 4 /OUTPUT 1 "Cout";
    .port_info 5 /INPUT 1 "clk";
L_0x55d184a2cbd0 .functor AND 1, L_0x55d1849f5220, L_0x55d184a058c0, v0x55d184a1fdb0_0, C4<1>;
L_0x55d184a2ccd0 .functor AND 1, L_0x55d1849f5220, L_0x55d184a09730, C4<1>, C4<1>;
L_0x55d184a2cd40 .functor OR 1, L_0x55d184a2cbd0, L_0x55d184a2ccd0, L_0x55d184a2bf20, C4<0>;
L_0x55d184a2cdb0 .functor AND 1, L_0x55d184a2b450, L_0x55d1849f5220, L_0x55d184a058c0, v0x55d184a1fdb0_0;
L_0x55d184a2cee0 .functor AND 1, L_0x55d184a2b450, L_0x55d1849f5220, L_0x55d184a09730, C4<1>;
L_0x55d184a2cf50 .functor AND 1, L_0x55d184a2b450, L_0x55d184a2bf20, C4<1>, C4<1>;
L_0x55d184a2d090 .functor OR 1, L_0x55d184a2cdb0, L_0x55d184a2cee0, L_0x55d184a2cf50, L_0x55d184a2c1e0;
L_0x55d184a2d150/0/0 .functor AND 1, L_0x55d184a096c0, L_0x55d184a2b450, L_0x55d1849f5220, L_0x55d184a058c0;
L_0x55d184a2d150/0/4 .functor AND 1, v0x55d184a1fdb0_0, C4<1>, C4<1>, C4<1>;
L_0x55d184a2d150 .functor AND 1, L_0x55d184a2d150/0/0, L_0x55d184a2d150/0/4, C4<1>, C4<1>;
L_0x55d184a2d4c0 .functor AND 1, L_0x55d184a096c0, L_0x55d184a2b450, L_0x55d1849f5220, L_0x55d184a09730;
L_0x55d184a2d640 .functor AND 1, L_0x55d184a096c0, L_0x55d184a2b450, L_0x55d184a2bf20, C4<1>;
L_0x55d184a2d710 .functor AND 1, L_0x55d184a096c0, L_0x55d184a2c1e0, C4<1>, C4<1>;
L_0x55d184a2d7b0/0/0 .functor OR 1, L_0x55d184a2d150, L_0x55d184a2d4c0, L_0x55d184a2d640, L_0x55d184a2d710;
L_0x55d184a2d7b0/0/4 .functor OR 1, L_0x55d184a2c770, C4<0>, C4<0>, C4<0>;
L_0x55d184a2d7b0 .functor OR 1, L_0x55d184a2d7b0/0/0, L_0x55d184a2d7b0/0/4, C4<0>, C4<0>;
v0x55d184a28700_0 .net "A", 3 0, L_0x55d184a2aa80;  1 drivers
v0x55d184a287e0_0 .net "A_in", 3 0, v0x55d184a2a150_0;  1 drivers
v0x55d184a288c0_0 .net "B", 3 0, L_0x55d184a2afb0;  1 drivers
v0x55d184a289b0_0 .net "B_in", 3 0, v0x55d184a2a230_0;  1 drivers
v0x55d184a28a90_0 .net "C1", 0 0, L_0x55d184a2cb60;  1 drivers
v0x55d184a28bd0_0 .net "C2", 0 0, L_0x55d184a2cd40;  1 drivers
v0x55d184a28c70_0 .net "C3", 0 0, L_0x55d184a2d090;  1 drivers
v0x55d184a28d10_0 .net "Cin", 0 0, v0x55d184a1fdb0_0;  1 drivers
v0x55d184a28db0_0 .net "Cin_in", 0 0, v0x55d184a2a2d0_0;  1 drivers
v0x55d184a28e80_0 .net "Cout", 0 0, v0x55d184a21630_0;  alias, 1 drivers
v0x55d184a28f50_0 .net "Cout_out", 0 0, L_0x55d184a2d7b0;  1 drivers
v0x55d184a29020_0 .net "G0", 0 0, L_0x55d184a09730;  1 drivers
v0x55d184a290c0_0 .net "G1", 0 0, L_0x55d184a2bf20;  1 drivers
v0x55d184a29160_0 .net "G2", 0 0, L_0x55d184a2c1e0;  1 drivers
v0x55d184a29230_0 .net "G3", 0 0, L_0x55d184a2c770;  1 drivers
v0x55d184a29300_0 .net "P0", 0 0, L_0x55d184a058c0;  1 drivers
v0x55d184a293a0_0 .net "P1", 0 0, L_0x55d1849f5220;  1 drivers
v0x55d184a295a0_0 .net "P2", 0 0, L_0x55d184a2b450;  1 drivers
v0x55d184a29690_0 .net "P3", 0 0, L_0x55d184a096c0;  1 drivers
v0x55d184a29780_0 .net "clk", 0 0, v0x55d184a2a4b0_0;  1 drivers
v0x55d184a29820_0 .net "p1g0", 0 0, L_0x55d184a2ccd0;  1 drivers
v0x55d184a298c0_0 .net "p1p0c0", 0 0, L_0x55d184a2cbd0;  1 drivers
v0x55d184a29960_0 .net "p2g1", 0 0, L_0x55d184a2cf50;  1 drivers
v0x55d184a29a00_0 .net "p2p1g0", 0 0, L_0x55d184a2cee0;  1 drivers
v0x55d184a29aa0_0 .net "p2p1p0c0", 0 0, L_0x55d184a2cdb0;  1 drivers
v0x55d184a29b40_0 .net "p3g2", 0 0, L_0x55d184a2d710;  1 drivers
v0x55d184a29be0_0 .net "p3p2g1", 0 0, L_0x55d184a2d640;  1 drivers
v0x55d184a29c80_0 .net "p3p2p1g0", 0 0, L_0x55d184a2d4c0;  1 drivers
v0x55d184a29d20_0 .net "p3p2p1p0c0", 0 0, L_0x55d184a2d150;  1 drivers
v0x55d184a29de0_0 .net "pc0", 0 0, L_0x55d184a2caf0;  1 drivers
v0x55d184a29ed0_0 .net "sum", 3 0, L_0x55d184a2e390;  alias, 1 drivers
v0x55d184a29fb0_0 .net "sum_out", 3 0, L_0x55d184a2dd10;  1 drivers
L_0x55d184a2a6f0 .part v0x55d184a2a150_0, 0, 1;
L_0x55d184a2a810 .part v0x55d184a2a150_0, 1, 1;
L_0x55d184a2a8b0 .part v0x55d184a2a150_0, 2, 1;
L_0x55d184a2a980 .part v0x55d184a2a150_0, 3, 1;
L_0x55d184a2aa80 .concat8 [ 1 1 1 1], v0x55d184a20260_0, v0x55d184a21b30_0, v0x55d184a22030_0, v0x55d184a22570_0;
L_0x55d184a2ac40 .part v0x55d184a2a230_0, 0, 1;
L_0x55d184a2ad50 .part v0x55d184a2a230_0, 1, 1;
L_0x55d184a2adf0 .part v0x55d184a2a230_0, 2, 1;
L_0x55d184a2aee0 .part v0x55d184a2a230_0, 3, 1;
L_0x55d184a2afb0 .concat8 [ 1 1 1 1], v0x55d184a22a70_0, v0x55d184a22f70_0, v0x55d184a23470_0, v0x55d184a23970_0;
L_0x55d184a2b2c0 .part L_0x55d184a2aa80, 0, 1;
L_0x55d184a2b360 .part L_0x55d184a2afb0, 0, 1;
L_0x55d184a2b4c0 .part L_0x55d184a2aa80, 1, 1;
L_0x55d184a2b5b0 .part L_0x55d184a2afb0, 1, 1;
L_0x55d184a2b720 .part L_0x55d184a2aa80, 2, 1;
L_0x55d184a2b8a0 .part L_0x55d184a2afb0, 2, 1;
L_0x55d184a2ba60 .part L_0x55d184a2aa80, 3, 1;
L_0x55d184a2bb00 .part L_0x55d184a2afb0, 3, 1;
L_0x55d184a2bc90 .part L_0x55d184a2aa80, 0, 1;
L_0x55d184a2bd80 .part L_0x55d184a2afb0, 0, 1;
L_0x55d184a2bbf0 .part L_0x55d184a2aa80, 1, 1;
L_0x55d184a2c030 .part L_0x55d184a2afb0, 1, 1;
L_0x55d184a2c2a0 .part L_0x55d184a2aa80, 2, 1;
L_0x55d184a2c4a0 .part L_0x55d184a2afb0, 2, 1;
L_0x55d184a2c830 .part L_0x55d184a2aa80, 3, 1;
L_0x55d184a2c920 .part L_0x55d184a2afb0, 3, 1;
L_0x55d184a2dd10 .concat8 [ 1 1 1 1], L_0x55d184a2d930, L_0x55d184a2dab0, L_0x55d184a2db20, L_0x55d184a2db90;
L_0x55d184a2ded0 .part L_0x55d184a2dd10, 0, 1;
L_0x55d184a2e0b0 .part L_0x55d184a2dd10, 1, 1;
L_0x55d184a2e150 .part L_0x55d184a2dd10, 2, 1;
L_0x55d184a2e2f0 .part L_0x55d184a2dd10, 3, 1;
L_0x55d184a2e390 .concat8 [ 1 1 1 1], v0x55d184a23e70_0, v0x55d184a20790_0, v0x55d184a20c60_0, v0x55d184a211b0_0;
S_0x55d184a1f960 .scope module, "dff_cin" "dff" 2 68, 2 33 0, S_0x55d184a1f780;
 .timescale -9 -12;
    .port_info 0 /INPUT 1 "clk";
    .port_info 1 /INPUT 1 "d";
    .port_info 2 /OUTPUT 1 "q";
v0x55d184a1fc10_0 .net "clk", 0 0, v0x55d184a2a4b0_0;  alias, 1 drivers
v0x55d184a1fcf0_0 .net "d", 0 0, v0x55d184a2a2d0_0;  alias, 1 drivers
v0x55d184a1fdb0_0 .var "q", 0 0;
E_0x55d1849c3dd0 .event posedge, v0x55d184a1fc10_0;
S_0x55d184a1fed0 .scope module, "ff1" "dff" 2 58, 2 33 0, S_0x55d184a1f780;
 .timescale -9 -12;
    .port_info 0 /INPUT 1 "clk";
    .port_info 1 /INPUT 1 "d";
    .port_info 2 /OUTPUT 1 "q";
v0x55d184a20100_0 .net "clk", 0 0, v0x55d184a2a4b0_0;  alias, 1 drivers
v0x55d184a201c0_0 .net "d", 0 0, L_0x55d184a2a6f0;  1 drivers
v0x55d184a20260_0 .var "q", 0 0;
S_0x55d184a20380 .scope module, "ff10" "dff" 2 107, 2 33 0, S_0x55d184a1f780;
 .timescale -9 -12;
    .port_info 0 /INPUT 1 "clk";
    .port_info 1 /INPUT 1 "d";
    .port_info 2 /OUTPUT 1 "q";
v0x55d184a205e0_0 .net "clk", 0 0, v0x55d184a2a4b0_0;  alias, 1 drivers
v0x55d184a206d0_0 .net "d", 0 0, L_0x55d184a2e0b0;  1 drivers
v0x55d184a20790_0 .var "q", 0 0;
S_0x55d184a208b0 .scope module, "ff11" "dff" 2 108, 2 33 0, S_0x55d184a1f780;
 .timescale -9 -12;
    .port_info 0 /INPUT 1 "clk";
    .port_info 1 /INPUT 1 "d";
    .port_info 2 /OUTPUT 1 "q";
v0x55d184a20ae0_0 .net "clk", 0 0, v0x55d184a2a4b0_0;  alias, 1 drivers
v0x55d184a20ba0_0 .net "d", 0 0, L_0x55d184a2e150;  1 drivers
v0x55d184a20c60_0 .var "q", 0 0;
S_0x55d184a20db0 .scope module, "ff12" "dff" 2 109, 2 33 0, S_0x55d184a1f780;
 .timescale -9 -12;
    .port_info 0 /INPUT 1 "clk";
    .port_info 1 /INPUT 1 "d";
    .port_info 2 /OUTPUT 1 "q";
v0x55d184a21030_0 .net "clk", 0 0, v0x55d184a2a4b0_0;  alias, 1 drivers
v0x55d184a210f0_0 .net "d", 0 0, L_0x55d184a2e2f0;  1 drivers
v0x55d184a211b0_0 .var "q", 0 0;
S_0x55d184a212d0 .scope module, "ff13" "dff" 2 110, 2 33 0, S_0x55d184a1f780;
 .timescale -9 -12;
    .port_info 0 /INPUT 1 "clk";
    .port_info 1 /INPUT 1 "d";
    .port_info 2 /OUTPUT 1 "q";
v0x55d184a214b0_0 .net "clk", 0 0, v0x55d184a2a4b0_0;  alias, 1 drivers
v0x55d184a21570_0 .net "d", 0 0, L_0x55d184a2d7b0;  alias, 1 drivers
v0x55d184a21630_0 .var "q", 0 0;
S_0x55d184a21780 .scope module, "ff2" "dff" 2 59, 2 33 0, S_0x55d184a1f780;
 .timescale -9 -12;
    .port_info 0 /INPUT 1 "clk";
    .port_info 1 /INPUT 1 "d";
    .port_info 2 /OUTPUT 1 "q";
v0x55d184a219b0_0 .net "clk", 0 0, v0x55d184a2a4b0_0;  alias, 1 drivers
v0x55d184a21a70_0 .net "d", 0 0, L_0x55d184a2a810;  1 drivers
v0x55d184a21b30_0 .var "q", 0 0;
S_0x55d184a21c80 .scope module, "ff3" "dff" 2 60, 2 33 0, S_0x55d184a1f780;
 .timescale -9 -12;
    .port_info 0 /INPUT 1 "clk";
    .port_info 1 /INPUT 1 "d";
    .port_info 2 /OUTPUT 1 "q";
v0x55d184a21eb0_0 .net "clk", 0 0, v0x55d184a2a4b0_0;  alias, 1 drivers
v0x55d184a21f70_0 .net "d", 0 0, L_0x55d184a2a8b0;  1 drivers
v0x55d184a22030_0 .var "q", 0 0;
S_0x55d184a22180 .scope module, "ff4" "dff" 2 61, 2 33 0, S_0x55d184a1f780;
 .timescale -9 -12;
    .port_info 0 /INPUT 1 "clk";
    .port_info 1 /INPUT 1 "d";
    .port_info 2 /OUTPUT 1 "q";
v0x55d184a223f0_0 .net "clk", 0 0, v0x55d184a2a4b0_0;  alias, 1 drivers
v0x55d184a224b0_0 .net "d", 0 0, L_0x55d184a2a980;  1 drivers
v0x55d184a22570_0 .var "q", 0 0;
S_0x55d184a226c0 .scope module, "ff5" "dff" 2 63, 2 33 0, S_0x55d184a1f780;
 .timescale -9 -12;
    .port_info 0 /INPUT 1 "clk";
    .port_info 1 /INPUT 1 "d";
    .port_info 2 /OUTPUT 1 "q";
v0x55d184a228f0_0 .net "clk", 0 0, v0x55d184a2a4b0_0;  alias, 1 drivers
v0x55d184a229b0_0 .net "d", 0 0, L_0x55d184a2ac40;  1 drivers
v0x55d184a22a70_0 .var "q", 0 0;
S_0x55d184a22bc0 .scope module, "ff6" "dff" 2 64, 2 33 0, S_0x55d184a1f780;
 .timescale -9 -12;
    .port_info 0 /INPUT 1 "clk";
    .port_info 1 /INPUT 1 "d";
    .port_info 2 /OUTPUT 1 "q";
v0x55d184a22df0_0 .net "clk", 0 0, v0x55d184a2a4b0_0;  alias, 1 drivers
v0x55d184a22eb0_0 .net "d", 0 0, L_0x55d184a2ad50;  1 drivers
v0x55d184a22f70_0 .var "q", 0 0;
S_0x55d184a230c0 .scope module, "ff7" "dff" 2 65, 2 33 0, S_0x55d184a1f780;
 .timescale -9 -12;
    .port_info 0 /INPUT 1 "clk";
    .port_info 1 /INPUT 1 "d";
    .port_info 2 /OUTPUT 1 "q";
v0x55d184a232f0_0 .net "clk", 0 0, v0x55d184a2a4b0_0;  alias, 1 drivers
v0x55d184a233b0_0 .net "d", 0 0, L_0x55d184a2adf0;  1 drivers
v0x55d184a23470_0 .var "q", 0 0;
S_0x55d184a235c0 .scope module, "ff8" "dff" 2 66, 2 33 0, S_0x55d184a1f780;
 .timescale -9 -12;
    .port_info 0 /INPUT 1 "clk";
    .port_info 1 /INPUT 1 "d";
    .port_info 2 /OUTPUT 1 "q";
v0x55d184a237f0_0 .net "clk", 0 0, v0x55d184a2a4b0_0;  alias, 1 drivers
v0x55d184a238b0_0 .net "d", 0 0, L_0x55d184a2aee0;  1 drivers
v0x55d184a23970_0 .var "q", 0 0;
S_0x55d184a23ac0 .scope module, "ff9" "dff" 2 106, 2 33 0, S_0x55d184a1f780;
 .timescale -9 -12;
    .port_info 0 /INPUT 1 "clk";
    .port_info 1 /INPUT 1 "d";
    .port_info 2 /OUTPUT 1 "q";
v0x55d184a23cf0_0 .net "clk", 0 0, v0x55d184a2a4b0_0;  alias, 1 drivers
v0x55d184a23db0_0 .net "d", 0 0, L_0x55d184a2ded0;  1 drivers
v0x55d184a23e70_0 .var "q", 0 0;
S_0x55d184a23fc0 .scope module, "g1" "my_xor" 2 70, 2 21 0, S_0x55d184a1f780;
 .timescale -9 -12;
    .port_info 0 /INPUT 1 "A";
    .port_info 1 /INPUT 1 "B";
    .port_info 2 /OUTPUT 1 "Y";
L_0x55d184a058c0 .functor XOR 1, L_0x55d184a2b2c0, L_0x55d184a2b360, C4<0>, C4<0>;
v0x55d184a241f0_0 .net "A", 0 0, L_0x55d184a2b2c0;  1 drivers
v0x55d184a242d0_0 .net "B", 0 0, L_0x55d184a2b360;  1 drivers
v0x55d184a24390_0 .net "Y", 0 0, L_0x55d184a058c0;  alias, 1 drivers
S_0x55d184a244e0 .scope module, "g10" "my_or" 2 81, 2 15 0, S_0x55d184a1f780;
 .timescale -9 -12;
    .port_info 0 /INPUT 1 "A";
    .port_info 1 /INPUT 1 "B";
    .port_info 2 /OUTPUT 1 "Y";
L_0x55d184a2cb60 .functor OR 1, L_0x55d184a2caf0, L_0x55d184a09730, C4<0>, C4<0>;
v0x55d184a24710_0 .net "A", 0 0, L_0x55d184a2caf0;  alias, 1 drivers
v0x55d184a247f0_0 .net "B", 0 0, L_0x55d184a09730;  alias, 1 drivers
v0x55d184a248b0_0 .net "Y", 0 0, L_0x55d184a2cb60;  alias, 1 drivers
S_0x55d184a24a00 .scope module, "g2" "my_xor" 2 71, 2 21 0, S_0x55d184a1f780;
 .timescale -9 -12;
    .port_info 0 /INPUT 1 "A";
    .port_info 1 /INPUT 1 "B";
    .port_info 2 /OUTPUT 1 "Y";
L_0x55d1849f5220 .functor XOR 1, L_0x55d184a2b4c0, L_0x55d184a2b5b0, C4<0>, C4<0>;
v0x55d184a24c30_0 .net "A", 0 0, L_0x55d184a2b4c0;  1 drivers
v0x55d184a24d10_0 .net "B", 0 0, L_0x55d184a2b5b0;  1 drivers
v0x55d184a24dd0_0 .net "Y", 0 0, L_0x55d1849f5220;  alias, 1 drivers
S_0x55d184a24f20 .scope module, "g23" "my_xor" 2 101, 2 21 0, S_0x55d184a1f780;
 .timescale -9 -12;
    .port_info 0 /INPUT 1 "A";
    .port_info 1 /INPUT 1 "B";
    .port_info 2 /OUTPUT 1 "Y";
L_0x55d184a2d930 .functor XOR 1, L_0x55d184a058c0, v0x55d184a1fdb0_0, C4<0>, C4<0>;
v0x55d184a25150_0 .net "A", 0 0, L_0x55d184a058c0;  alias, 1 drivers
v0x55d184a25240_0 .net "B", 0 0, v0x55d184a1fdb0_0;  alias, 1 drivers
v0x55d184a25310_0 .net "Y", 0 0, L_0x55d184a2d930;  1 drivers
S_0x55d184a25420 .scope module, "g24" "my_xor" 2 102, 2 21 0, S_0x55d184a1f780;
 .timescale -9 -12;
    .port_info 0 /INPUT 1 "A";
    .port_info 1 /INPUT 1 "B";
    .port_info 2 /OUTPUT 1 "Y";
L_0x55d184a2dab0 .functor XOR 1, L_0x55d1849f5220, L_0x55d184a2cb60, C4<0>, C4<0>;
v0x55d184a25650_0 .net "A", 0 0, L_0x55d1849f5220;  alias, 1 drivers
v0x55d184a25740_0 .net "B", 0 0, L_0x55d184a2cb60;  alias, 1 drivers
v0x55d184a25810_0 .net "Y", 0 0, L_0x55d184a2dab0;  1 drivers
S_0x55d184a25920 .scope module, "g25" "my_xor" 2 103, 2 21 0, S_0x55d184a1f780;
 .timescale -9 -12;
    .port_info 0 /INPUT 1 "A";
    .port_info 1 /INPUT 1 "B";
    .port_info 2 /OUTPUT 1 "Y";
L_0x55d184a2db20 .functor XOR 1, L_0x55d184a2b450, L_0x55d184a2cd40, C4<0>, C4<0>;
v0x55d184a25b50_0 .net "A", 0 0, L_0x55d184a2b450;  alias, 1 drivers
v0x55d184a25c30_0 .net "B", 0 0, L_0x55d184a2cd40;  alias, 1 drivers
v0x55d184a25cf0_0 .net "Y", 0 0, L_0x55d184a2db20;  1 drivers
S_0x55d184a25e40 .scope module, "g26" "my_xor" 2 104, 2 21 0, S_0x55d184a1f780;
 .timescale -9 -12;
    .port_info 0 /INPUT 1 "A";
    .port_info 1 /INPUT 1 "B";
    .port_info 2 /OUTPUT 1 "Y";
L_0x55d184a2db90 .functor XOR 1, L_0x55d184a096c0, L_0x55d184a2d090, C4<0>, C4<0>;
v0x55d184a26070_0 .net "A", 0 0, L_0x55d184a096c0;  alias, 1 drivers
v0x55d184a26150_0 .net "B", 0 0, L_0x55d184a2d090;  alias, 1 drivers
v0x55d184a26210_0 .net "Y", 0 0, L_0x55d184a2db90;  1 drivers
S_0x55d184a26360 .scope module, "g3" "my_xor" 2 72, 2 21 0, S_0x55d184a1f780;
 .timescale -9 -12;
    .port_info 0 /INPUT 1 "A";
    .port_info 1 /INPUT 1 "B";
    .port_info 2 /OUTPUT 1 "Y";
L_0x55d184a2b450 .functor XOR 1, L_0x55d184a2b720, L_0x55d184a2b8a0, C4<0>, C4<0>;
v0x55d184a26590_0 .net "A", 0 0, L_0x55d184a2b720;  1 drivers
v0x55d184a26670_0 .net "B", 0 0, L_0x55d184a2b8a0;  1 drivers
v0x55d184a26730_0 .net "Y", 0 0, L_0x55d184a2b450;  alias, 1 drivers
S_0x55d184a26870 .scope module, "g4" "my_xor" 2 73, 2 21 0, S_0x55d184a1f780;
 .timescale -9 -12;
    .port_info 0 /INPUT 1 "A";
    .port_info 1 /INPUT 1 "B";
    .port_info 2 /OUTPUT 1 "Y";
L_0x55d184a096c0 .functor XOR 1, L_0x55d184a2ba60, L_0x55d184a2bb00, C4<0>, C4<0>;
v0x55d184a26aa0_0 .net "A", 0 0, L_0x55d184a2ba60;  1 drivers
v0x55d184a26b80_0 .net "B", 0 0, L_0x55d184a2bb00;  1 drivers
v0x55d184a26c40_0 .net "Y", 0 0, L_0x55d184a096c0;  alias, 1 drivers
S_0x55d184a26d80 .scope module, "g5" "my_and" 2 75, 2 3 0, S_0x55d184a1f780;
 .timescale -9 -12;
    .port_info 0 /INPUT 1 "A";
    .port_info 1 /INPUT 1 "B";
    .port_info 2 /OUTPUT 1 "Y";
L_0x55d184a09730 .functor AND 1, L_0x55d184a2bc90, L_0x55d184a2bd80, C4<1>, C4<1>;
v0x55d184a26fb0_0 .net "A", 0 0, L_0x55d184a2bc90;  1 drivers
v0x55d184a27090_0 .net "B", 0 0, L_0x55d184a2bd80;  1 drivers
v0x55d184a27150_0 .net "Y", 0 0, L_0x55d184a09730;  alias, 1 drivers
S_0x55d184a27290 .scope module, "g6" "my_and" 2 76, 2 3 0, S_0x55d184a1f780;
 .timescale -9 -12;
    .port_info 0 /INPUT 1 "A";
    .port_info 1 /INPUT 1 "B";
    .port_info 2 /OUTPUT 1 "Y";
L_0x55d184a2bf20 .functor AND 1, L_0x55d184a2bbf0, L_0x55d184a2c030, C4<1>, C4<1>;
v0x55d184a274c0_0 .net "A", 0 0, L_0x55d184a2bbf0;  1 drivers
v0x55d184a275a0_0 .net "B", 0 0, L_0x55d184a2c030;  1 drivers
v0x55d184a27660_0 .net "Y", 0 0, L_0x55d184a2bf20;  alias, 1 drivers
S_0x55d184a277b0 .scope module, "g7" "my_and" 2 77, 2 3 0, S_0x55d184a1f780;
 .timescale -9 -12;
    .port_info 0 /INPUT 1 "A";
    .port_info 1 /INPUT 1 "B";
    .port_info 2 /OUTPUT 1 "Y";
L_0x55d184a2c1e0 .functor AND 1, L_0x55d184a2c2a0, L_0x55d184a2c4a0, C4<1>, C4<1>;
v0x55d184a279e0_0 .net "A", 0 0, L_0x55d184a2c2a0;  1 drivers
v0x55d184a27ac0_0 .net "B", 0 0, L_0x55d184a2c4a0;  1 drivers
v0x55d184a27b80_0 .net "Y", 0 0, L_0x55d184a2c1e0;  alias, 1 drivers
S_0x55d184a27cd0 .scope module, "g8" "my_and" 2 78, 2 3 0, S_0x55d184a1f780;
 .timescale -9 -12;
    .port_info 0 /INPUT 1 "A";
    .port_info 1 /INPUT 1 "B";
    .port_info 2 /OUTPUT 1 "Y";
L_0x55d184a2c770 .functor AND 1, L_0x55d184a2c830, L_0x55d184a2c920, C4<1>, C4<1>;
v0x55d184a27f00_0 .net "A", 0 0, L_0x55d184a2c830;  1 drivers
v0x55d184a27fe0_0 .net "B", 0 0, L_0x55d184a2c920;  1 drivers
v0x55d184a280a0_0 .net "Y", 0 0, L_0x55d184a2c770;  alias, 1 drivers
S_0x55d184a281f0 .scope module, "g9" "my_and" 2 80, 2 3 0, S_0x55d184a1f780;
 .timescale -9 -12;
    .port_info 0 /INPUT 1 "A";
    .port_info 1 /INPUT 1 "B";
    .port_info 2 /OUTPUT 1 "Y";
L_0x55d184a2caf0 .functor AND 1, L_0x55d184a058c0, v0x55d184a1fdb0_0, C4<1>, C4<1>;
v0x55d184a28420_0 .net "A", 0 0, L_0x55d184a058c0;  alias, 1 drivers
v0x55d184a28530_0 .net "B", 0 0, v0x55d184a1fdb0_0;  alias, 1 drivers
v0x55d184a28640_0 .net "Y", 0 0, L_0x55d184a2caf0;  alias, 1 drivers
    .scope S_0x55d184a1fed0;
T_0 ;
    %wait E_0x55d1849c3dd0;
    %load/vec4 v0x55d184a201c0_0;
    %assign/vec4 v0x55d184a20260_0, 0;
    %jmp T_0;
    .thread T_0;
    .scope S_0x55d184a21780;
T_1 ;
    %wait E_0x55d1849c3dd0;
    %load/vec4 v0x55d184a21a70_0;
    %assign/vec4 v0x55d184a21b30_0, 0;
    %jmp T_1;
    .thread T_1;
    .scope S_0x55d184a21c80;
T_2 ;
    %wait E_0x55d1849c3dd0;
    %load/vec4 v0x55d184a21f70_0;
    %assign/vec4 v0x55d184a22030_0, 0;
    %jmp T_2;
    .thread T_2;
    .scope S_0x55d184a22180;
T_3 ;
    %wait E_0x55d1849c3dd0;
    %load/vec4 v0x55d184a224b0_0;
    %assign/vec4 v0x55d184a22570_0, 0;
    %jmp T_3;
    .thread T_3;
    .scope S_0x55d184a226c0;
T_4 ;
    %wait E_0x55d1849c3dd0;
    %load/vec4 v0x55d184a229b0_0;
    %assign/vec4 v0x55d184a22a70_0, 0;
    %jmp T_4;
    .thread T_4;
    .scope S_0x55d184a22bc0;
T_5 ;
    %wait E_0x55d1849c3dd0;
    %load/vec4 v0x55d184a22eb0_0;
    %assign/vec4 v0x55d184a22f70_0, 0;
    %jmp T_5;
    .thread T_5;
    .scope S_0x55d184a230c0;
T_6 ;
    %wait E_0x55d1849c3dd0;
    %load/vec4 v0x55d184a233b0_0;
    %assign/vec4 v0x55d184a23470_0, 0;
    %jmp T_6;
    .thread T_6;
    .scope S_0x55d184a235c0;
T_7 ;
    %wait E_0x55d1849c3dd0;
    %load/vec4 v0x55d184a238b0_0;
    %assign/vec4 v0x55d184a23970_0, 0;
    %jmp T_7;
    .thread T_7;
    .scope S_0x55d184a1f960;
T_8 ;
    %wait E_0x55d1849c3dd0;
    %load/vec4 v0x55d184a1fcf0_0;
    %assign/vec4 v0x55d184a1fdb0_0, 0;
    %jmp T_8;
    .thread T_8;
    .scope S_0x55d184a23ac0;
T_9 ;
    %wait E_0x55d1849c3dd0;
    %load/vec4 v0x55d184a23db0_0;
    %assign/vec4 v0x55d184a23e70_0, 0;
    %jmp T_9;
    .thread T_9;
    .scope S_0x55d184a20380;
T_10 ;
    %wait E_0x55d1849c3dd0;
    %load/vec4 v0x55d184a206d0_0;
    %assign/vec4 v0x55d184a20790_0, 0;
    %jmp T_10;
    .thread T_10;
    .scope S_0x55d184a208b0;
T_11 ;
    %wait E_0x55d1849c3dd0;
    %load/vec4 v0x55d184a20ba0_0;
    %assign/vec4 v0x55d184a20c60_0, 0;
    %jmp T_11;
    .thread T_11;
    .scope S_0x55d184a20db0;
T_12 ;
    %wait E_0x55d1849c3dd0;
    %load/vec4 v0x55d184a210f0_0;
    %assign/vec4 v0x55d184a211b0_0, 0;
    %jmp T_12;
    .thread T_12;
    .scope S_0x55d184a212d0;
T_13 ;
    %wait E_0x55d1849c3dd0;
    %load/vec4 v0x55d184a21570_0;
    %assign/vec4 v0x55d184a21630_0, 0;
    %jmp T_13;
    .thread T_13;
    .scope S_0x55d184a05db0;
T_14 ;
    %pushi/vec4 0, 0, 4;
    %store/vec4 v0x55d184a2a150_0, 0, 4;
    %pushi/vec4 0, 0, 4;
    %store/vec4 v0x55d184a2a230_0, 0, 4;
    %pushi/vec4 0, 0, 1;
    %store/vec4 v0x55d184a2a2d0_0, 0, 1;
    %end;
    .thread T_14;
    .scope S_0x55d184a05db0;
T_15 ;
    %pushi/vec4 0, 0, 1;
    %store/vec4 v0x55d184a2a4b0_0, 0, 1;
T_15.0 ;
    %delay 5000, 0;
    %load/vec4 v0x55d184a2a4b0_0;
    %inv;
    %store/vec4 v0x55d184a2a4b0_0, 0, 1;
    %jmp T_15.0;
    %end;
    .thread T_15;
    .scope S_0x55d184a05db0;
T_16 ;
    %delay 3000, 0;
    %pushi/vec4 4, 0, 4;
    %store/vec4 v0x55d184a2a150_0, 0, 4;
    %pushi/vec4 4, 0, 4;
    %store/vec4 v0x55d184a2a230_0, 0, 4;
    %pushi/vec4 1, 0, 1;
    %store/vec4 v0x55d184a2a2d0_0, 0, 1;
    %delay 20000, 0;
    %vpi_call 2 158 "$finish" {0 0 0};
    %end;
    .thread T_16;
    .scope S_0x55d184a05db0;
T_17 ;
    %vpi_call 2 162 "$monitor", $time, " A = %4b , B = %4b , Cin = %b , Sum = %4b , Cout = %b, Clk : ", v0x55d184a2a150_0, v0x55d184a2a230_0, v0x55d184a2a2d0_0, v0x55d184a2a5a0_0, v0x55d184a2a3c0_0, v0x55d184a2a4b0_0 {0 0 0};
    %end;
    .thread T_17;
    .scope S_0x55d184a05db0;
T_18 ;
    %vpi_call 2 166 "$dumpfile", "cla_adder.vcd" {0 0 0};
    %vpi_call 2 167 "$dumpvars", 32'sb00000000000000000000000000000000, S_0x55d184a05db0 {0 0 0};
    %end;
    .thread T_18;
# The file index is used to find the file name in the following table.
:file_names 3;
    "N/A";
    "<interactive>";
    "cla_adder_struct.v";
